[    0.000] nitializingcgupubsys cpuset
[    0.000000] Initializing cgroup subsys cpu
[    0.000000] Initializing cgroup subsys cpuacct
[    0.000000] Linux version 4.4.0-135-generic (buildd@lcy01-amd64-020) (gcc version 5.4.0 20160609 (Ubuntu 5.4.0-6ubuntu1~16.04.10) ) #161-Ubuntu SMP Mon Aug 27 10:45:01 UTC 2018 (Ubuntu 4.4.0-135.161-generic 4.4.140)
[    0.000000] Command line: BOOT_IMAGE=/boot/vmlinuz-4.4.0-135-generic root=LABEL=cloudimg-rootfs ro console=tty1 console=ttyS0
[    0.000000] KERNEL supported cpus:
[    0.000000]   Intel GenuineIntel
[    0.000000]   AMD AuthenticAMD
[    0.000000]   Centaur CentaurHauls
[    0.000000] x86/fpu: xstate_offset[2]:  576, xstate_sizes[2]:  256
[    0.000000] x86/fpu: Supporting XSAVE feature 0x01: 'x87 floating point registers'
[    0.000000] x86/fpu: Supporting XSAVE feature 0x02: 'SSE registers'
[    0.000000] x86/fpu: Supporting XSAVE feature 0x04: 'AVX registers'
[    0.000000] x86/fpu: Enabled xstate features 0x7, context size is 832 bytes, using 'standard' format.
[    0.000000] e820: BIOS-provided physical RAM map:
[    0.000000] BIOS-e820: [mem 0x0000000000000000-0x000000000009fbff] usable
[    0.000000] BIOS-e820: [mem 0x000000000009fc00-0x000000000009ffff] reserved
[    0.000000] BIOS-e820: [mem 0x00000000000f0000-0x00000000000fffff] reserved
[    0.000000] BIOS-e820: [mem 0x0000000000100000-0x000000003ffeffff] usable
[    0.000000] BIOS-e820: [mem 0x000000003fff0000-0x000000003fffffff] ACPI data
[    0.000000] BIOS-e820: [mem 0x00000000fec00000-0x00000000fec00fff] reserved
[    0.000000] BIOS-e820: [mem 0x00000000fee00000-0x00000000fee00fff] reserved[   0.0000] OSe820: [mem x00000fffc0000-0x00000000ffffffff] reserved
[    0.000000] NX (Execute Disable) protection: active
[    0.000000] SMBIOS 2.5 present.
[    0.000000] Hypervisor detected: KVM
[    0.000000] e820: last_pfn = 0x3fff0 max_arch_pfn = 0x400000000
[    0.000000] MTRR: Disabled
[    0.000000] x86/PAT: MTRRs disabled, skipping PAT initialization too.
[    0.000000] CPU MTRRs all blank - virtualized system.
[    0.000000] x86/PAT: Configuration [0-7]: WB  WT  UC- UC  WB  WT  UC- UC  
[    0.000000] found SMP MP-table at [mem 0x0009fff0-0x0009ffff] mapped at [ffff88000009fff0]
[    0.000000] Scanning 1 areas for low memory corruption
[    0.000000] RAMDISK: [mem 0x3630a000-0x3717cfff]
[    0.000000] ACPI: Early table checksum verification disabled
[    0.000000] ACPI: RSDP 0x00000000000E0000 000024 (v02 VBOX  )
[    0.000000] ACPI: XSDT 0x000000003FFF0030 00003C (v01 VBOX   VBOXXSDT 00000001 ASL  00000061)
[    0.000000] ACPI: FACP 0x000000003FFF00F0 0000F4 (v04 VBOX   VBOXFACP 00000001 ASL  00000061)
[    0.000000] ACPI: DSDT 0x000000003FFF0470 0021FF (v02 VBOX   VBOXBIOS 00000002 INTL 20160108)
[    0.000000] ACPI: FACS 0x000000003FFF0200 000040
[    0.000000] ACPI: FACS 0x000000003FFF0200 000040
[    0.000000] ACPI: APIC 0x000000003FFF0240 00005C (v02 VBOX   VBOXAPIC 00000001 ASL  00000061)
[    0.000000] ACPI: SSDT 0x000000003FFF02A0 0001CC (v01 VBOX   VBOXCPUT 00000002 INTL 20160108)
[    0.000000] No NUMA configuration found
[    0.000000] Faking a node at [mem 0x0000000000000000-0x000000003ffeffff]
[    0.000000] NODE_DATA(0) allocated [mem 0x3ffeb000-0x3ffeffff]
[    0.000000] kvm-clock: Using msrs 4b564d01 and 4b564d00
[    0.000000] kvm-clock: cpu 0, msr 0:3ffe3001, primary cpu clock
[    0.000000] kvm-clock: using sched offset of 3403017770 cycles
[    0.000000] clocksource: kvm-clock: mask: 0xffffffffffffffff max_cycles: 0x1cd42e4dffb, max_idle_ns: 881590591483 ns
[    0.000000] Zone ranges:
[    0.000000]   DMA      [mem 0x0000000000001000-0x0000000000ffffff]
[    0.000000]   DMA32    [mem 0x0000000001000000-0x000000003ffeffff]
[    0.000000]   Normal   empty
[    0.000000]   Device   empty
[    0.000000] Movable zone start for each node
[    0.000000] Early memory node ranges
[    0.000000]   node   0: [mem 0x0000000000001000-0x000000000009efff]
[    0.000000]   node   0: [mem0x000000001000x000000003ffeffff]
[    0.000000] Initmem setup node 0 [mem 0x0000000000001000-0x000000003ffeffff]
[    0.000000] ACPI: PM-Timer IO Port: 0x4008
[    0.000000] IOAPIC[0]: apic_id 2, version 32, address 0xfec00000, GSI 0-23
[    0.000000] ACPI: INT_SRC_OVR (bus 0 bus_irq 0 global_irq 2 dfl dfl)
[    0.000000] ACPI: INT_SRC_OVR (bus 0 bus_irq 9 global_irq 9 low level)
[    0.000000] Using ACPI (MADT) for SMP configuration information
[    0.000000] smpboot: Allowing 2 CPUs, 0 hotplug CPUs
[    0.000000] PM: Registered nosave memory: [mem 0x00000000-0x00000fff]
[    0.000000] PM: Registered nosave memory: [mem 0x0009f000-0x0009ffff]
[    0.000000] PM: Registered nosave memory: [mem 0x000a0000-0x000effff]
[    0.000000] PM: Registered nosave memory: [mem 0x000f0000-0x000fffff]
[    0.000000] e820: [mem 0x40000000-0xfebfffff] available for PCI devices
[    0.000000] Booting paravirtualized kernel on KVM
[    0.000000] clocksource: refined-jiffies: mask: 0xffffffff max_cycles: 0xffffffff, max_idle_ns: 7645519600211568 ns
[    0.000000] setup_percpu: NR_CPUS:512 nr_cpumask_bits:512 nr_cpu_ids:2 nr_node_ids:1
[    0.000000] PERCPU: Embedded 34 pages/cpu @ffff88003fc00000 s99544 r8192 d31528 u1048576
[    0.000000] PV qspinlock hash table entries: 256 (order: 0, 4096 bytes)
[    0.000000] Built 1 zonelists in Node order, mobility grouping on.  Total pages: 257912
[    0.000000] Policy zone: DMA32
[    0.000000] Kernel command line: BOOT_IMAGE=/boot/vmlinuz-4.4.0-135-generic root=LABEL=cloudimg-rootfs ro console=tty1 console=ttyS0
[    0.000000] PID hash table entries: 4096 (order: 3, 32768 bytes)
[    0.000000] Memory: 997720K/1048120K available (8554K kernel code, 1314K rwdata, 4004K rodata, 1516K init, 1316K bss, 50400K reserved, 0K cma-reserved)
[    0.000000] SLUB: HWalign=64, Order=0-3, MinObjects=0, CPUs=2, Nodes=1
[    0.000000] Kernel/User page tables isolation: enabled
[    0.000000] Hierarchical RCU implementation.
[    0.000000] 	Build-time adjustment of leaf fanout to 64.
[    0.000000] 	RCU restricting CPUs from NR_CPUS=512 to nr_cpu_ids=2.
[    0.000000] RCU: Adjusting geometry for rcu_fanout_leaf=64, nr_cpu_ids=2
[    0.000000] NR_IRQS:33024 nr_irqs:440 16
[    0.000000] Console: colour VGA+ 80x25
[    0.000000] console [tty1] enabled
[    0.000000] console [ttyS0] enabled
[    0.000000] tsc: Detected 3192.608 MHz processor
[    0.469069] Calibrating delay loop (skipped) preset value.. 6385.21 BogoMIPS (lpj=12770432)
[    0.470347] pid_max: default: 32768 minimum: 301
[    0.471032] ACPI: Core revision 20150930
[    0.472451] ACPI: 2 ACPI AML tables successfully acquired and loaded
[    0.473452] Security Framework initialized
[    0.474079] Yama: becoming mindful.
[    0.474654] AppArmor: AppArmor initialized
[    0.475388] Dentry cache hash table entries: 131072 (order: 8, 1048576 bytes)
[    0.476915] Inode-cache hash table entries: 65536 (order: 7, 524288 bytes)
[    0.477954] Mount-cache hash table entries: 2048 (order: 2, 16384 bytes)
[    0.478879] Mountpoint-cache hash table entries: 2048 (order: 2, 16384 bytes)
[    0.479970] Initializing cgroup subsys io
[    0.480579] Initializing cgroup subsys memory
[    0.481200] Initializing cgroup subsys devices
[    0.481825] Initializing cgroup subsys freezer
[    0.482457] Initializing cgroup subsys net_cls
[    0.483079] Initializing cgroup subsys perf_event
[    0.483750] Initializing cgroup subsys net_prio
[    0.484399] Initializing cgroup subsys hugetlb
[    0.485024] Initializing cgroup subsys pids
[    0.514016] mce: CPU supports 0 MCE banks
[    0.514628] Last level iTLB entries: 4KB 1024, 2MB 1024, 4MB 1024
[    0.515458] Last level dTLB entries: 4KB 1024, 2MB 1024, 4MB 1024, 1GB 4
[    0.516327] Spectre V2 : Mitigation: Full generic retpoline
[    0.517060] Spectre V2 : Speculation control IBPB not-supported IBRS not-supported
[    0.517971] Speculative Store Bypass: Vulnerable
[    0.520648] Freeing SMP alternatives memory: 32K
[    0.527400] ftrace: allocating 32266 entries in 127 pages
[    0.568213] smpboot: APIC(0) Converting physical 0 to logical package 0
[    0.629034] smpboot: Max logical packages: 1
[    0.686953] x2apic enabled
[    0.692869] Switched APIC routing to physical x2apic.
[    0.694501] ..TIMER: vector=0x30 apic1=0 pin1=2 apic2=-1 pin2=-1
[    0.800159] smpboot: CPU0: Intel(R) Core(TM) i5-4570 CPU @ 3.20GHz (family: 0x6, model: 0x3c, stepping: 0x3)
[    0.817746] Performance Events: unsupported p6 CPU model 60 no PMU driver, software events only.
[    0.819095] KVM setup paravirtual spinlock
[    0.820326] x86: Booting SMP configuration:
[    0.820952] .... node  #0, CPUs:      #1
[   0.821654] kvm-clock: cpu 1, msr 0:3ffe3041, secondary cpu clock
[    0.856041] mce: CPU supports 0 MCE banks
[    0.902176] x86: Booted up 1 node, 2 CPUs
[    0.902954] smpboot: Total of 2 processors activated (12770.43 BogoMIPS)
[    0.904169] devtmpfs: initialized
[    0.905825] evm: security.selinux
[    0.906362] evm: security.SMACK64
[    0.906894] evm: security.SMACK64EXEC
[    0.907465] evm: security.SMACK64TRANSMUTE
[    0.908094] evm: security.SMACK64MMAP
[    0.908662] evm: security.ima
[    0.909159] evm: security.capability
[    0.909852] clocksource: jiffies: mask: 0xffffffff max_cycles: 0xffffffff, max_idle_ns: 7645041785100000 ns
[    0.911247] futex hash table entries: 512 (order: 3, 32768 bytes)
[    0.912171] pinctrl core: initialized pinctrl subsystem
[    0.913032] RTC time:  6:49:23, date: 10/16/18
[    0.913812] NET: Registered protocol family 16
[    0.924196] cpuidle: using governor ladder
[    0.936360] cpuidle: using governor menu
[    0.950723] PCCT header not found.
[    0.951341] ACPI: bus type PCI registered
[    0.951957] acpiphp: ACPI Hot Plug PCI Controller Driver version: 0.5
[    0.952924] PCI: Using configuration type 1 for base access
[    0.977411] ACPI: Added _OSI(Module Device)
[    0.979293] ACPI: Added _OSI(Processor Device)
[    0.979949] ACPI: Added _OSI(3.0 _SCP Extensions)
[    0.980635] ACPI: Added _OSI(Processor Aggregator Device)
[    0.981950] ACPI: Executed 1 blocks of module-level executable AML code
[    0.984548] ACPI: Interpreter enabled
[    1.035744] ACPI: (supports S0 S5)
[    1.049086] ACPI: Using IOAPIC for interrupt routing
[    1.049896] PCI: Using host bridge windows from ACPI; if necessary, use "pci=nocrs" and report a bug
[    1.053892] ACPI: PCI Root Bridge [PCI0] (domain 0000 [bus 00-ff])
[    1.077022] acpi PNP0A03:00: _OSC: OS supports [ASPM ClockPM Segments MSI]
[    1.078925] acpi PNP0A03:00: _OSC: not requesting OS control; OS requires [ExtendedConfig ASPM ClockPM MSI]
[    1.080582] acpi PNP0A03:00: fail to add MMCONFIG information, can't access extended PCI configuration space under this bridge.
[    1.082324] PCI host bridge to bus 0000:00
[    1.082950] pci_bus 0000:00: root bus resource [io  0x0000-0x0cf7 window]
[    1.083838] pci_bus 0000:00: root bus resource [io  0x0d00-0xffff window]
[    1.084725] pci_bus 0000:00: root bus resource [mem 0x000a0000-0x000bffff window]
[    1.085831] pci_bus 0000:00: root bus resource [mem 0x40000000-0xfdffffff window]
[    1.086937] pci_bus 0000:00: root bus resource [bus 00-ff]
[    1.088933] pci 0000:00:01.1: legacy IDE quirk: reg 0x10: [io  0x01f0-0x01f7]
[    1.089854] pci 0000:00:01.1: legacy IDE quirk: reg 0x14: [io  0x03f6]
[    1.090714] pci 0000:00:01.1: legacy IDE quirk: reg 0x18: [io  0x0170-0x0177]
[    1.091629] pci 0000:00:01.1: legacy IDE quirk: reg 0x1c: [io  0x0376]
[    1.177489] pci 0000:00:07.0: quirk: [io  0x4000-0x403f] claimed by PIIX4 ACPI
[    1.201266] pci 0000:00:07.0: quirk: [io  0x4100-0x410f] claimed by PIIX4 SMB
[    1.225850] ACPI: PCI Interrupt Link [LNKA] (IRQs 5 9 10 *11)
[    1.259090] ACPI: PCI Interrupt Link [LNKB] (IRQs 5 9 *10 11)
[    1.272013] ACPI: PCI Interrupt Link [LNKC] (IRQs 5 *9 10 11)
[    1.273167] ACPI: PCI Interrupt Link [LNKD] (IRQs 5 9 10 *11)
[    1.274328] ACPI: Enabled 2 GPEs in block 00 to 07
[    1.275432] vgaarb: setting as boot device: PCI:0000:00:02.0
[    1.276212] vgaarb: device added: PCI:0000:00:02.0,decodes=io+mem,owns=io+mem,locks=none
[    1.277385] vgaarb: loaded
[    1.277844] vgaarb: bridge control possible 0000:00:02.0
[    1.278909] SCSI subsystem initialized
[    1.279651] ACPI: bus type USB registered
[    1.280296] usbcore: registered new interface driver usbfs
[    1.281066] usbcore: registered new interface driver hub
[    1.281824] usbcore: registered new device driver usb
[    1.283299] PCI: Using ACPI for IRQ routing
[    1.284300] NetLabel: Initializing
[    1.284954] NetLabel:  domain hash size = 128
[    1.285704] NetLabel:  protocols = UNLABELED CIPSOv4
[    1.286537] NetLabel:  unlabeled traffic allowed by default
[    1.287605] amd_nb: Cannot enumerate AMD northbridges
[    1.288462] clocksource: Switched to clocksource kvm-clock
[    1.295581] AppArorAprm Fesst Enabled
[    1.589198] pnp: PnP ACPI init
[    1.590329] pnp: PnP ACPI: found 3 devices
[  15955clocksource: acpi_pm: mask: 0xffffff max_cycles: 0xffffff, max_idle_ns: 2085701024 ns
[    1.740280] NET: Registered protocol family 2

[    1.741169] TCP established hash table entries: 8192 (order: 4, 65536 bytes)
[    1.742119] TCP bind hash table entries: 8192 (order: 5, 131072 bytes)
[    1.743000] TCP: Hash tables configured (established 8192 bind 8192)
[    1.743873] UDP hash table entries: 512 (order: 2, 16384 bytes)
[    1.744678] UDP-Lite ha tlentes51(oer: 2, 16384 bytes)
[   .095] ETRestedrocofaly
  2.2872] pci 0000:00:00.0: Limiting direct PCI/PCI transfers
[    2.727235] pci 000:.0AcvangSAMAang workarounds
[    3.090450] Unpacking initramfs...

[   33.256644] Freeing initrd memory: 14796K
[    3.295992] RAPL PMU detected, API unit is 2^-32 Joules, 4 fixed counters 10737418240 ms ovfl timer
[    3.297391] hw unit of domain pp0-core 2^-0 Joules
[    3.298068] hw unit of domain package 2^-0 Joules
[    3.298722] hw unit of domain dram 2^-0 Joules
[    3.299352] hw unit of domain pp1-gpu 2^-0 Joules
[    3.300085] platform rtc_cmos: registered platform RTC device (no PNP device found)
[    3.301281] Scanning for low memory corruption every 60 seconds
[    3.302424] audit: initializing netlink subsys (disabled)
[    3.303193] audit: type=2000 audit(1539672569.564:1): initialized
[    3.304257] Initialise system trusted keyring
[    3.305069] HugeTLB registered 2 MB page size, pre-allocated 0 pages
[    3.314469] zbud:llaaeed
[    3.48522]]VVSS  iikkqqooaa  qqoo__....
[   33884488]]VVSS  qqoo--aahhe hash table entries: 512 (order 0, 4096 bytes)
[    4.156323] squashfs: version 400((009900//11  hhllii  ooggeer
[    4.595545] tsc: Refined TSC clocksoucc  aaiirrttoo::3399..77  HHz
[    5.065488] clocksource: tsc: mask: 0xffffffffffffffff max_cycles: 0x2e0ac9e62c2, max_idle_ns: 440795344841 ns
[    5.215013] fuse init (API version 7.23)
[    5.225667] Key type big_key registered
[    5.226288] Allocating IMA MOK and blacklist keyrings.
[    5.227721] Key type asymmetric registered
[    5.229062] Asymmetric key parser 'x509' registered
[    5.230588] Block layer SCSI generic (bsg) driver version 0.4 loaded (major 249)
[    5.232247] io scheduler noop registered
[    5.232940] io scheduler deadline regsseered (default)
[    5.409641] io scheduler cfq registered
[    5.410338] pci_hotplug: PCI Hot Plug PCI Core version: 0.5
[    5.411115] pciehp: PCI Express Hot Plug Controller Driver version: 0.4
[    5.412113] ACPI: AC Adapter [AC] (on-line)
[    5.525589] input: Power Button as /devices/LNXSYSTM:00/LNXPWRBN:00/input/input0
[    5.547369] ACPI: Power Button [PWRF]
[    5.548011] input: Sleep Button as /devices/LNXSYSTM:00/LNXSLPBN:00/input/input1
[    5.549145] ACPI: Sleep Button [SLPF]
[    5.549895] GHES: HEST is not enabled!
[    5.550554] Serial: 8250/16550 driver, 32 ports, IRQ sharing enabled
[    5.572916] 00:02: ttyS0 at I/O 0x3f8 (irq = 4, base_baud = 115200) is a 16550A
[    5.579575] Linux agpgart interface v0.103
[    5.581420] loop: module loaded
[    5.582442] scsi host0: ata_piix
[    5.583092] scsi host1: ata_piix
[    5.628110] ata1: PATA max UDMA/33 cmd 0x1f0 ctl 0x3f6 bmdma 0xd000 irq 14
[    5.875542] ata2: PATA max UDMA/33 cmd 0x170 ctl 0x376 bmdma 0xd008 irq 15
[    5.876798] libphy: Fixed MDIO Bus: probed
[    5.877429] tun: Universal TUN/TAP device driver, 1.6
[    5.878119] tun: (C) 1999-2004 Max Krasnyansky <maxk@qualcomm.com>
[    5.878970] PPP generic driver version 2.4.2
[    5.879642] ehci_hcd: USB 2.0 'Enhanced' Host Controller (EHCI) Driver
[    5.880492] ehci-pci: EHCI PCI platform driver
[    5.881190] ehci-platform: EHCI generic platform driver
[    5.881939] ohci_hcd: USB 1.1 'Open' Host Controller (OHCI) Driver
[    5.882765] ohci-pci: OHCI PCI platform driver
[    5.883405] ohci-platform: OHCI generic platform driver
[    5.884145] uhci_hcd: USB Universal Host Controller Interface driver
[    5.885049] i8042: PNP: PS/2 Controller [PNP0303:PS2K,PNP0f03:PS2M] at 0x60,0x64 irq 1,12
[    5.886661] serio: i8042 KBD port at 0x60,0x64 irq 1
[    5.887361] serio: i8042 AUX port at 0x60,0x64 irq 12
[    5.888144] mousedev: PS/2 mouse device common for all mice
[    5.889291] rtc_cmos rtc_cmos: rtc core: registered rtc_cmos as rtc0
[    5.890192] rtc_cmos rtc_cmos: alarms up to one day, 114 bytes nvram
[    5.891062] i2c /dev entries driver
[    5.891649] input: AT Translated Set 2 keyboard as /devices/platform/i8042/serio0/input/input2
[    5.893070] device-mapper: uevent: version 1.0.3
[    5.893805] device-mapper: ioctl: 4.34.0-ioctl (2015-10-28) initialised: dm-devel@redhat.com
[    5.895015] ledtrig-cpu: registered to indicate activity on CPUs
[    5.896233] NET: Registered protocol family 10
[    5.897081] NET: Registered protocol family 17
[    5.897739] Key type dns_resolver registered
[    5.898547] registered taskstats version 1
[    5.899182] Loading compiled-in X.509 certificates
[    5.900429] Loaded X.509 cert 'Build time autogenerated kernel key: b7189ebc996fd79c52efc1226b6676b25e4f6a2d'
[    5.901833] zswap: loaded using pool lzo/zbud
[    5.904078] Key type trusted registered
[    5.907359] Key type encrypted registered
[    5.908004] AppArmor: AppArmor sha1 policy hashing enabled
[    5.908807] ima: No TPM chip found, activating TPM-bypass!
[    5.909631] ima: Allocated hash algorithm: sha1
[    5.910348] evm: HMAC attrs: 0x1
[    5.911132]   Magic number: 6:648:822
[    5.911843] rtc_cmos rtc_cmos: setting system clock to 2018-10-16 06:49:28 UTC (1539672568)
[    5.112256] BIO  DD  facility v0.16 2004-Jun-25, 0 devices found
[    6.115567] EDD information not available.
[    6.117338] Freeing unused kernel memory: 1516K
[    6.128542] Write protecting the kernel read-only data: 14336k
[    6.276165] Freeing unused kernel memory: 1672K
[    6.277129] Freeing unused kernel memory: 92K
Loading, please wait...
starting version 229
[    6.300103] random: systemd-udevd: uninitialized urandom read (16 bytes read, 2 bits of entropy available)
[    6.300676] random: udevadm: uninitialized urandom read (16 bytes read, 2 bits of entropy available)
[    6.300690] random: udevadm: uninitialized urandom read (16 bytes read, 2 bits of entropy available)
[    6.307013] random: udevadm: uninitialized urandom read (16 bytes read, 2 bits of entropy available)
[    6.307046] random: udevadm: uninitialized urandom read (16 bytes read, 2 bits of entropy available)
[    6.307152] random: udevadm: uninitialized urandom read (16 bytes read, 2 bits of entropy available)
[    6.307192] random: udevadm: uninitialized urandom read (16 bytes read, 2 bits of entropy available)
[    6.307228] random: udevadm: uninitialized urandom read (16 bytes read, 2 bits of entropy available)
[    6.307263] random: udevadm: uninitialized urandom read (16 bytes read, 2 bits of entropy available)
[    6.307300] random: udevadm: uninitialized urandom read (16 bytes read, 2 bits of entropy available)
[    6.374572] e1000: Intel(R) PRO/1000 Network Driver - version 7.3.21-k8-NAPI
[    6.460894] e1000: Copyright (c) 1999-2006 Intel Corporation.
[    6.554692] Fusion MPT base driver 3.04.20
[    6.594041] Copyright (c) 1999-2008 LSI Corporation
[    6.603318] Fusion MPT SPI Host driver 3.04.20
[    6.679897] AVX2 version of gcm_enc/dec engaged.
[    6.787326] AES CTR mode by8 optimization enabled
[    6.806162] input: ImExPS/2 Generic Explorer Mouse as /devices/platform/i8042/serio1/input/input4
[    7.117633] e1000 0000:00:03.0 eth0: (PCI:33MHz:32-bit) 02:fb:a8:4c:29:d0
[    7.149326] e1000 0000:00:03.0 eth0: Intel(R) PRO/1000 Network Connection
[    7.150912] mptbase: ioc0: Initiating bringup
[    7.151307] e1000 0000:00:03.0 enp0s3: renamed from eth0
[    7.220930] ioc0: LSI53C1030 A0: Capabilities={Initiator}
[    7.500493] scsi host2: ioc0: LSI53C1030 A0, FwRev=00000000h, Ports=1, MaxQ=256, IRQ=20
[    7.617849] scsi 2:0:0:0: Direct-Access     VBOX     HARDDISK         1.0  PQ: 0 ANSI: 5
[    7.626708] scsi target2:0:0: Beginning Domain Validation
[    7.710878] scsi target2:0:0: Domain Validation skipping write tests
[    8.497007] scsi target2:0:0: Ending Domain Validation
[    8.517509] scsi target2:0:0: asynchronous
[    8.534506] scsi 2:0:1:0: Direct-Access     VBOX     HARDDISK         1.0  PQ: 0 ANSI: 5
[    8.543780] scsi target2:0:1: Beginning Domain Validation
[    8.566203] scsi target2:0:1: Domain Validation skipping write tests
[    8.567108] scsi target2:0:1: Ending Domain Validation
[    8.567867] scsi target2:0:1: asynchronous
[    8.574390] sd 2:0:0:0: [sda] 20971520 512-byte logical blocks: (10.7 GB/10.0 GiB)
[    8.574467] sd 2:0:0:0: Attached scsi generic sg0 type 0
[    8.574813] sd 2:0:1:0: [sdb] 20480 512-byte logical blocks: (10.5 MB/10.0 MiB)
[    8.574937] sd 2:0:1:0: [sdb] Write Protect is off
[    8.575034] sd 2:0:1:0: [sdb] Incomplete mode parameter data
[    8.575035] sd 2:0:1:0: [sdb] Assuming drive cache: write through
[    8.575048] sd 2:0:1:0: Attached scsi generic sg1 type 0
[    8.617041] sd 2:0:0:0: [sda] Write Protect is off
[    8.624326] sd 2:0:0:0: [sda] Incomplete mode parameter data
[    8.625157] sd 2:0:0:0: [sda] Assuming drive cache: write through
[    8.660688]  sda: sda1
[    8.662193] sd 2:0:1:0: [sdb] Attached SCSI disk
[    9.006359] sd 2:0:0:0: [sda] Attached SCSI disk
Begin: Loading essential drivers ... [   10.349954] md: linear personality registered for level -1
[   10.352819] md: multipath personality registered for level -4
[   10.413895] md: raid0 personality registered for level 0
[   10.479764] md: raid1 personality registered for level 1
[   10.549014] raid6: sse2x1   gen() 10786 MB/s
[   10.616475] raid6: sse2x1   xor()  8509 MB/s
[   10.749030] raid6: sse2x2   gen() 14138 MB/s
[   10.835134] raid6: sse2x2   xor() 10267 MB/s
[   10.905178] raid6: sse2x4   gen() 17034 MB/s
[   11.035178] raid6: sse2x4   xor() 12451 MB/s
[   11.105164] raid6: avx2x1   gen() 21798 MB/s
[   11.220313] raid6: avx2x2   gen() 26325 MB/s
[   11.325174] raid6: avx2x4   gen() 30902 MB/s
[   11.348691] raid6: using algorithm avx2x4 gen() 30902 MB/s
[   11.349468] raid6: using avx2x2 recovery algorithm
[   11.351321] xor: automatically using best checksumming function:
[   11.404499]    avx       : 29042.000 MB/sec
[   11.412246] async_tx: api initialized (async)
[   11.436822] md: raid6 personality registered for level 6
[   11.446012] md: raid5 personality registered for level 5
[   11.446750] md: raid4 personality registered for level 4
[   11.452880] md: raid10 personality registered for level 10
done.
Begin: Running /scripts/init-premount ... done.
Begin: Mounting root file system ... Begin: Running /scripts/local-top ... done.
Begin: Running /scripts/local-premount ... [   11.508249] Btrfs loaded
Scanning for Btrfs filesystems
done.
Warning: fsck not present, so skipping root file system
[   12.735409] EXT4-fs (sda1): mounted filesystem with ordered data mode. Opts: (null)
done.
Begin: Running /scripts/local-bottom ... done.
Begin: Running /scripts/init-bottom ... done.
[   13.672307] random: nonblocking pool is initialized
[   14.080066] systemd[1]: systemd 229 running in system mode. (+PAM +AUDIT +SELINUX +IMA +APPARMOR +SMACK +SYSVINIT +UTMP +LIBCRYPTSETUP +GCRYPT +GNUTLS +ACL +XZ -LZ4 +SECCOMP +BLKID +ELFUTILS +KMOD -IDN)
[   14.082676] systemd[1]: Detected virtualization oracle.
[   14.083472] systemd[1]: Detected architecture x86-64.

Welcome to [1mUbuntu 16.04.5 LTS[0m!

[   14.145923] systemd[1]: Set hostname to <ubuntu>.
[   14.223778] systemd[1]: Initializing machine ID from random generator.
[   14.335925] systemd[1]: Installed transient /etc/machine-id file.
[   15.011726]ssystemd[1]: Listening on /dev/initctl Compatibility Named Pipe.
[[0;32m  OK  [0m] Listening on /dev/initctl Compatibility Named Pipe.
[   15.209465] systemd[1]: Listening on udev Control Socket.
[[0;32m  OK  [0m] Listening on udev Control Socket.
[   15.210999] systemd[1]: Listening on LVM2 metadata daemon socket.
[[0;32m  OK  [0m] Listening on LVM2 metadata daemon socket.
[   15.212723] systemd[1]: Set up automount Arbitrary Executable File Formats File System Automount Point.
[[0;32m  OK  [0m] Set up automount Arbitrary Executab...ats File System Automount Point.
[   15.215008] systemd[1]: Reached target Swap.
[[0;32m  OK  [0m] Reached target Swap.
[   15.216345] systemd[1]: Listening on Device-mapper event daemon FIFOs.
[[0;32m  OK  [0m] Listening on Device-mapper event daemon FIFOs.
[   15.218038] systemd[1]: Listening on LVM2 poll daemon socket.
[[0;32m  OK  [0m] Listening on LVM2 poll daemon socket.
[   15.219608] systemd[1]: Started Trigger resolvconf update for networkd DNS.
[[0;32m  OK  [0m] Started Trigger resolvconf update for networkd DNS.
[   15.221482] systemd[1]: Reached targttUUee  and Group Name Lookups.
[[0;32m  OK  [0m] Reached target User and Group Name Lookups.
[   15.346777] systemd[1]  Craaee  llcc  Use  nn  eessoon llcc..

[[0;32m  OK  [0m] Created slice User and Session Slice.
[   15.832814] systemd[1]: Reached target Encrypted Volumes.
[[0;32m  OK  [0m] Reached target Encrypted Volumes.
[   15.895974] systemd[1]: Listening on Journal Audit Socket.
[[0;32m  OK  [0m] Listening on Journal Audit Socket.
[   15.897793] systemd[1]: Listening on udev Kernel Socket.
[[0;32m  OK  [0m] Listening on udev Kernel Socket.
[   15.899574] systemd[1]: Started Forward Password Requests to Wall Directory Watch.
[[0;32m  OK  [0m] Started Forward Password Requests to Wall Directory Watch.
[   15.903263] systemd[1]: Listening on Syslog Socket.
[[0;32m  OK  [0m] Listening on Syslog Socket.
[   15.929471] systemd[1]: Reached target System Time Synchronized.
[[0;32m  OK  [0m] Reached target System Time Synchronized.
[   15.947855] systemd[1]: Listening on Journal Socket.
[[0;32m  OK  [0m] Listening on Journal Socket.
[   15.949606] systemd[1]: Created slice Syste  llcc..

[[0;32m  OK  [0m] Created slice System Slice.
[   16.104663] systemd[1]: Starting Remount Root and Kernel File Systems...
[   16.129337] EXT4-fs (sda1): re-mounted. Opts: (null)
         Starting Remount Root and Kernel File Systems...
[   16.211554] systemd[1]: Mounting Debug File System...
         Mounting Debug File System...
[  11..113377  systemd[1::SSaattnn  aameserver nnoommttion manaee....

         Starting Nameserver information manager...
[   16776444]]sssstemd[1]: Mounting POSIX Message Queue File System...
         Mounting POSIX Message Queue File System...
[   66.988886] systemd[1]: Starting Monitoring of LVM2 mirrors, nnaphhtt  ttc.uusing dmeventd or progress polling...
         Starting Monitoring of LVM2 mirrors... dmeventd or progress polling...
[   17.267777]sssstemd11::MMuuttnn  uuee Pggss File System...
         Mounting Huge Pages File System...
[   17.728791] systemd[1]: Reached target Slices.
[[0;32m  OK  [0m] Reached target Slices.
[   17.748327] systemd[1]: Starting Set console keymap...
         Starting Set console keymap...
[   17.749967] systemd[1]: Created slice system-serial\x2dgetty.slice.
[[0;32m  OK  [0m] Created slice system-serial\x2dgetty.slice.
[   17.752094] systemd[1]: Starting Uncomplicated firewall...
         Starting Uncomplicated firewall...
[   17.780513] systemd[1]: Listening on Journal Socket (/dev/log).
[[0;32m  OK  [0m] Listening on Journal Socket (/dev/log).
[   17.820978] systemd[1]: Starting Journal Service...
         Starting Journal Service...
[   17.920899] systemd[1]: Starting Create list of required static device nodes for the current kernel...
         Starting Create list of required st... nodes for the current kernel...
[   18.056830] systemd[1]: Starting Load Kernel Modules...
         Starting Load Kernel Modules...
[   18.083693] systemd[1]: Mounted POSIX Message Queue File System.
[[0;32m  OK  [0m] Mounted POSIX Message Queue File System.
[   18.090786] systemd[1]: Mounted Debug File System.
[[0;32m  OK  [0m] Mounted Debug File System.
[   18.092353] systemd[1]: Mounted Huge Pages File System.
[[0;32m  OK  [0m] Mounted Huge Pages File System.
[   18.094091] systemd[1]: Started Journal Service.
[[0;32m  OK  [0m] Started Journal Service.
[[0;32m  OK  [0m] Started Remount Root and Kernel File Systems.
[[0;32m  OK  [0m] Started Set console keymap.
[[0;32m  OK  [0m] Started Uncomplicated firewall.
[[0;32m  OK  [0m] Started Create list of required sta...ce nodes for the current kernel.
[[0;32m  OK  [0[   18.143629] Loading iSCSI transport class v2.0-870.
m] Started Nameserver information manager.
[[0;32m  OK  [0m] Started LVM2 metadata daemon.
         Starting Create Static Device Nodes in /dev...
[   18.213159] iscs: gierd ransport (tcp)
         Starting udev Coldplug all Devices...
         Starting Load/Save Random Seed...
         Starting Flush Journal to Persistent Storage...
[   18.564022] systemd-journald[394]: Received request to flush runtime journal from PID 1
[[0;32m  OK  [0m] Started Load/Save Random Seed.
[   18.684986] iscsi: registered transport (iser)
[[0;32m  OK  [0m] Started Load Kernel Modules.
[[0;32m  OK  [0m] Started Flush Journal to Persistent Storage.
[[0;32m  OK  [0m] Started udev Coldplug all Devices.
[[0;32m  OK  [0m] Started Monitoring of LVM2 mirrors,...ng dmeventd or progress polling.
         Mounting FUSE Control File System...
         Starting Apply Kernel Variables...
[[0;32m  OK  [0m] Mounted FUSE Control File System.
[[0;32m  OK  [0m] Started Create Static Device Nodes in /dev.
[[0;32m  OK  [0m] Started Apply Kernel Variables.
         Starting udev Kernel Device Manager...
[[0;32m  OK  [0m] Started udev Kernel Device Manager.
[[0;32m  OK  [0m] Started Dispatch Password Requests to Console Directory Watch.
[[0;32m  OK  [0m] Reached target Local File Systems (Pre).
[[0;32m  OK  [0m] Reached target Local File Systems.
         Starting LSB: AppArmor initialization...
         Starting Tell Plymouth To Write Out Runtime Data...
         Starting Create Volatile Files and Directories...
         Starting Set console font and keymap...
         Starting Commit a transient machine-id on disk...
         Starting Initial cloud-init job (pre-networking)...
[[0;32m  OK  [0m] Started Tell Plymouth To Write Out Runtime Data.
[[0;32m  OK  [0m] Started Create Volatile Files and Directories.
[[0;32m  OK  [0m] Started Commit a transient machine-id on disk.
[[0;32m  OK  [0m] Found device /dev/ttyS0.
[[0;32m  OK  [0m] Listening on Load/Save RF Kill Switch Status /dev/rfkill Watch.
         Starting Update UTMP about System Boot/Shutdown...
[[0;32m  OK  [0m] Started Update UTMP about System Boot/Shutdown.
[[0;32m  OK  [0m] Started Set console font and keymap.
[[0;32m  OK  [0m] Created slice system-getty.slice.
[[0;32m  OK  [0m] Started LSB: AppArmor initialization.
[   21.886182] cloud-init[514]: Cloud-init v. 18.3-9-g2e62cb8a-0ubuntu1~16.04.2 running 'init-local' at Tue, 16 Oct 2018 06:49:44 +0000. Up 21.35 seconds.
[[0;32m  OK  [0m] Started Initial cloud-init job (pre-networking).
[[0;32m  OK  [0m] Reached target Network (Pre).
         Starting Raise network interfaces...
[[0;32m  OK  [0m] Started Raise network interfaces.
         Starting Initial cloud-init job (metadata service crawler)...
[[0;32m  OK  [0m] Reached target Network.
[   23.921853] cloud-init[927]: Cloud-init v. 18.3-9-g2e62cb8a-0ubuntu1~16.04.2 running 'init' at Tue, 16 Oct 2018 06:49:46 +0000. Up 22.57 seconds.
[   24.028884] cloud-init[927]: ci-info: ++++++++++++++++++++++++++++++++++++++Net device info++++++++++++++++++++++++++++++++++++++
[[0;32m  OK  [0m] Started Initial cloud-init job (metadata service crawler).
[[0;32m  OK  [0m] Reached target System Initialization.
[   24.093393] cloud-init[927]: ci-info: +--------+------+----------------------------+---------------+--------+-------------------+
[   24.192750] cloud-init[927]: ci-info: | Device |  Up  |          Address           |      Mask     | Scope  |     Hw-Address    |
[   24.193449] cloud-init[927]: ci-info: +--------+------+----------------------------+---------------+--------+-------------------+
[[0;32m  OK  [0m] Listening on ACPID Listen Socket.
[[   24.193941] cloud-init[927]: ci-info: | enp0s3 | True |         10.0.2.15          | 255.255.255.0 | global | 02:fb:a8:4c:29:d0 |
[   24.275839] cloud-init[927]: ci-info: | enp0s3 | True | fe80::fb:a8ff:fe4c:29d0/64 |       .       |  link  | 02:fb:a8:4c:29:d0 |
[0;32m  OK  [0m] Listening on D-Bus System Message Bus Socket.
[[   24.275972] cloud-init[927]: ci-info: |   lo   | True |         127.0.0.1          |   255.0.0.0   |  host  |         .         |
[   24.448871] cloud-init[927]: ci-info: |   lo   | True |          ::1/128           |       .       |  host  |         .         |
[0;32m  OK  [0m] Started Daily apt download activities.
[[   24.449248] cloud-init[927]: ci-info: +--------+------+----------------------------+---------------+--------+-------------------+
[   24.489738] cloud-init[927]: ci-info: +++++++++++++++++++++++++++Route IPv4 info++++++++++++++++++++++++++++
[   24.492162] cloud-init[927]: ci-info: +-------+-------------+----------+---------------+-----------+-------+
[   24.493657] cloud-init[927]: ci-info: | Route | Destination | Gateway  |    Genmask    | Interface | Flags |
[0;32m  OK  [0m] Started Daily apt upgrade and clean activities.
[[   24.494970] cloud-init[927]: ci-info: +-------+-------------+----------+---------------+-----------+-------+
[   24.629243] cloud-init[927]: ci-info: |   0   |   0.0.0.0   | 10.0.2.2 |    0.0.0.0    |   enp0s3  |   UG  |
[0;32m  OK  [0m] Started Daily Cleanup of Temporary Directories.
[[   24.629580] cloud-init[927]: ci-info: |   1   |   10.0.2.0  | 0.0.0.0  | 255.255.255.0 |   enp0s3  |   U   |
[   24.752937] cloud-init[927]: ci-info: +-------+-------------+----------+---------------+-----------+-------+
[   24.753180] cloud-init[927]: ci-info: +++++++++++++++++++Route IPv6 info+++++++++++++++++++
[   24.753559] cloud-init[927]: ci-info: +-------+-------------+---------+-----------+-------+
[   24.753918] cloud-init[927]: ci-info: | Route | Destination | Gateway | Interface | Flags |
[   24.754290] cloud-init[927]: ci-info: +-------+-------------+---------+-----------+-------+
[   24.754668] cloud-init[927]: ci-info: |   0   |  fe80::/64  |    ::   |   enp0s3  |   U   |
[   24.755043] cloud-init[927]: ci-info: |   3   |   ff00::/8  |    ::   |   enp0s3  |   U   |
[0;32m  OK  [0m] Reached target Timers.
[   24.755412] cloud-init[927]: ci-info: +-------+-------------+---------+-----------+-------+
[   25.132175] cloud-init[927]: Generating public/private rsa key pair.
[   25.133659] cloud-init[927]: Your identification has been saved in /etc/ssh/ssh_host_rsa_key.
[   25.136453] cloud-init[927]: Your public key has been saved in /etc/ssh/ssh_host_rsa_key.pub.
[   25.140390] cloud-init[927]: The key fingerprint is:
[   25.141596] cloud-init[927]: SHA256:JylpdywDstoMsOG14eF6U4nH4/zTvCySQL7UH+Va+pI root@ubuntu-xenial
[   25.143197] cloud-init[927]: The key's randomart image is:
[   25.144341] cloud-init[927]: +---[RSA 2048]----+
[   25.145411] cloud-init[927]: |                 |
[   25.146433] cloud-init[927]: |                 |
[   25.147358] cloud-init[927]: |o  +. .          |
[   25.147647] cloud-init[927]: |.++.*o.o +       |
[   25.147781] cloud-init[927]: |..+=o*+ S +      |
[   25.147915] cloud-init[927]: |  .O=o.+ O       |
[   25.148086] cloud-init[927]: | .oo=oo O        |
[   25.148181] cloud-init[927]: |  ...o.E.o       |
[   25.148307] cloud-init[927]: |      ..=+.      |
[   25.148451] cloud-init[927]: +----[SHA256]-----+
[   25.148582] cloud-init[927]: Generating public/private dsa key pair.
[   25.148713] cloud-init[927]: Your identification has been saved in /etc/ssh/ssh_host_dsa_key.
[   25.148886] cloud-init[927]: Your public key has been saved in /etc/ssh/ssh_host_dsa_key.pub.
[   25.149026] cloud-init[927]: The key fingerprint is:
[   25.149153] cloud-init[927]: SHA256:CAWgiGi45/6UX6atdrat5qltFGE9TPJG4O+Vt+WaG6o root@ubuntu-xenial
[   25.149284] cloud-init[927]: The key's randomart image is:
[   25.149411] cloud-init[927]: +---[DSA 1024]----+
[   25.149541] cloud-init[927]: |  ..... o=o      |
[   25.149672] cloud-init[927]: |=.   . .o++      |
[   25.149802] cloud-init[927]: |*.  .  ...o.     |
[   25.149933] cloud-init[927]: |..   . ..o   .   |
[   25.150064] cloud-init[927]: |. .   . S.. o . .|
[   25.150194] cloud-init[927]: | o   .  .. . . + |
[   25.150325] cloud-init[927]: |  . o  .o .   o .|
[   25.150457] cloud-init[927]: | . . ..*=o   . + |
[   25.150585] cloud-init[927]: |  ....=OBoE.. +. |
[   25.150717] cloud-init[927]: +----[SHA256]-----+
[   25.150846] cloud-init[927]: Generating public/private ecdsa key pair.
[   25.150977] cloud-init[927]: Your identification has been saved in /etc/ssh/ssh_host_ecdsa_key.
[   25.151107] cloud-init[927]: Your public key has been saved in /etc/ssh/ssh_host_ecdsa_key.pub.
[   25.151239] cloud-init[927]: The key fingerprint is:
[   25.151381] cloud-init[927]: SHA256:/xNzEvGAmZnTQ1td4uICUM6PQBV0VvGFpc0MLZjalyM root@ubuntu-xenial
[   25.151505] cloud-init[927]: The key's randomart image is:
[   25.151635] cloud-init[927]: +---[ECDSA 256]---+
[   25.151763] cloud-init[927]: |      o+=.oX+++==|
[   25.151893] cloud-init[927]: |     . + oB B=oOo|
[   25.152308] cloud-init[927]: |      . +  +o=+o+|
[   25.152425] cloud-init[927]: |       . +..E.=  |
[   25.152553] cloud-init[927]: |        S o .+ . |
[   25.152685] cloud-init[927]: |         . .+ .  |
[   25.152826] cloud-init[927]: |          .  =   |
[   25.152958] cloud-init[927]: |           ..    |
[   25.153090] cloud-init[927]: |            ..   |
[   25.153219] cloud-init[927]: +----[SHA256]-----+
[   25.153349] cloud-init[927]: Generating public/private ed25519 key pair.
[   25.153478] cloud-init[927]: Your identification has been saved in /etc/ssh/ssh_host_ed25519_key.
[   25.153610] cloud-init[927]: Your public key has been saved in /etc/ssh/ssh_host_ed25519_key.pub.
[   25.153740] cloud-init[927]: The key fingerprint is:
[   25.153869] cloud-init[927]: SHA256:lQq5ARJCkh3J9X8bHRpiUYQUSMS5bz35eoGQp7H0iXo root@ubuntu-xenial
[   25.153999] cloud-init[927]: The key's randomart image is:
[   25.154129] cloud-init[927]: +--[ED25519 256]--+
[   25.154258] cloud-init[927]: |+=+=o+o++=o      |
[   25.154389] cloud-init[927]: |o.+. o+... .     |
[   25.154519] cloud-init[927]: |      =.o.+ .    |
[   25.154652] cloud-init[927]: |      .*=+.+ .   |
[   25.154780] cloud-init[927]: |      .oSX++.    |
[   25.154946] cloud-init[927]: |        *.Bo.    |
[   25.154989] cloud-init[927]: |       o  .o .   |
[   25.155025] cloud-init[927]: |      . E   o    |
[   25.155232] cloud-init[927]: |       .  .o     |
[   25.155291] cloud-init[927]: +----[SHA256]-----+
         Starting LXD - unix socket.
[[0;32m  OK  [0m] Listening on UUID daemon activation socket.
         Starting Socket activation for snappy daemon.
[[0;32m  OK  [0m] Started ACPI Events Check.
[[0;32m  OK  [0m] Reached target Paths.
[[0;32m  OK  [0m] Reached target Network is Online.
         Starting iSCSI initiator daemon (iscsid)...
[[0;32m  OK  [0m] Reached target Cloud-config availability.
[[0;32m  OK  [0m] Listening on LXD - unix socket.
[[0;32m  OK  [0m] Listening on Socket activation for snappy daemon.
[[0;32m  OK  [0m] Reached target Sockets.
[[0;32m  OK  [0m] Reached target Basic System.
         Starting LSB: Record successful boot for GRUB...
         Starting Pollinate to seed the pseudo random number generator...
[[0;32m  OK  [0m] Started ACPI event daemon.
[[0;32m  OK  [0m] Started Deferred execution scheduler.
         Starting Accounts Service...
         Starting LSB: MD monitoring daemon...
         Starting Login Service...
[[0;32m  OK  [0m] Started Unattended Upgrades Shutdown.
         Starting /etc/rc.local Compatibility...
[[0;32m  OK  [0m] Started Regular background program processing daemon.
[[0;32m  OK  [0m] Started D-Bus System Message Bus.
[[0;32m  OK  [0m] Started FUSE filesystem for LXC.
         Starting Snappy daemon...
         Starting Virtualbox guest utils...
         Starting System Logging Service...
         Starting LXD - container startup/shutdown...
[[0;32m  OK  [0m] Started iSCSI initiator daemon (iscsid).
[[0;32m  OK  [0m] Started /etc/rc.local Compatibility.
[[0;32m  OK  [0m] Started Login Service.
         Starting Login to default iSCSI targets...
[[0;32m  OK  [0m] Started LSB: Record successful boot for GRUB.
         Starting Authenticate and Authorize Users to Run Privileged Tasks...
[[0;32m  OK  [0m] Started Login to default iSCSI targets.
[[0;32m  OK  [0m] Reached target Remote File Systems (Pre).
[[0;32m  OK  [0m] Reached target Remote File Systems.
         Starting LSB: automatic crash report generation...
         Starting LSB: Set the CPU Frequency Scaling governor to "ondemand"...
         Starting LSB: daemon to balance interrupts for SMP systems...
         Starting Permit User Sessions...
[[0;32m  OK  [0m] Started LSB: MD monitoring daemon.
[[0;32m  OK  [0m] Started LSB: Set the CPU Frequency Scaling governor to "ondemand".
[[0;32m  OK  [0m] Started LSB: automatic crash report generation.
[[0;32m  OK  [0m] Started Permit User Sessions.
[[0;32m  OK  [0m] Started LSB: daemon to balance interrupts for SMP systems.
[[0;32m  OK  [0m] Started Authenticate and Authorize Users to Run Privileged Tasks.
[[0;32m  OK  [0m] Started System Logging Service.
[[0;32m  OK  [0m] Started Accounts Service.
         Starting Terminate Plymouth Boot Screen...
         Starting Hold until boot process finishes up...
[[0;32m  OK  [0m] Started Terminate Plymouth Boot Screen.
[[0;32m  OK  [0m] Started Hold until boot process finishes up.
[[0;32m  OK  [0m] Started Virtualbox guest utils.
         Starting Set console scheme...
[[0;32m  OK  [0m] Started Serial Getty on ttyS0.
[[0;32m  OK  [0m] Started Getty on tty1.
[[0;32m  OK  [0m] Reached target Login Prompts.
[[0;32m  OK  [0m] Started Set console scheme.
[[0;32m  OK  [0m] Started Pollinate to seed the pseudo random number generator.
         Starting OpenBSD Secure Shell server...
[[0;32m  OK  [0m] Started OpenBSD Secure Shell server.
[[0;32m  OK  [0m] Started LXD - container startup/shutdown.
[[0;32m  OK  [0m] Created slice User Slice of vagrant.
         Starting User Manager for UID 1000...
[[0;32m  OK  [0m] Started Session 1 of user vagrant.
[[0;32m  OK  [0m] Started Snappy daemon.
         Starting Wait until snapd is fully seeded...
[[0;32m  OK  [0m] Started User Manager for UID 1000.
[[0;32m  OK  [0m] Started Wait until snapd is fully seeded.
[[0;32m  OK  [0m] Reached target Multi-User System.
[[0;32m  OK  [0m] Reached target Graphical Interface.
         Starting Update UTMP about System Runlevel Changes...
         Starting Apply the settings specified in cloud-config...
[[0;32m  OK  [0m] Started Update UTMP about System Runlevel Changes.
[   31.794298] cloud-init[1370]: Generating locales (this might take a while)...
[   32.541338] cloud-init[1370]:   en_US.UTF-8... done
[   32.541877] cloud-init[1370]: Generation complete.

Ubuntu 16.04.5 LTS ubuntu-xenial ttyS0

ubuntu-xenial login: [   33.524456] cloud-init[1370]: Cloud-init v. 18.3-9-g2e62cb8a-0ubuntu1~16.04.2 running 'modules:config' at Tue, 16 Oct 2018 06:49:55 +0000. Up 31.60 seconds.
ci-info: no authorized ssh keys fingerprints found for user ubuntu.
<14>Oct 16 06:49:57 ec2: 
<14>Oct 16 06:49:57 ec2: #############################################################
<14>Oct 16 06:49:57 ec2: -----BEGIN SSH HOST KEY FINGERPRINTS-----
<14>Oct 16 06:49:57 ec2: 1024 SHA256:CAWgiGi45/6UX6atdrat5qltFGE9TPJG4O+Vt+WaG6o root@ubuntu-xenial (DSA)
<14>Oct 16 06:49:57 ec2: 256 SHA256:/xNzEvGAmZnTQ1td4uICUM6PQBV0VvGFpc0MLZjalyM root@ubuntu-xenial (ECDSA)
<14>Oct 16 06:49:57 ec2: 256 SHA256:lQq5ARJCkh3J9X8bHRpiUYQUSMS5bz35eoGQp7H0iXo root@ubuntu-xenial (ED25519)
<14>Oct 16 06:49:57 ec2: 2048 SHA256:JylpdywDstoMsOG14eF6U4nH4/zTvCySQL7UH+Va+pI root@ubuntu-xenial (RSA)
<14>Oct 16 06:49:57 ec2: -----END SSH HOST KEY FINGERPRINTS-----
<14>Oct 16 06:49:57 ec2: #############################################################
-----BEGIN SSH HOST KEY KEYS-----
ecdsa-sha2-nistp256 AAAAE2VjZHNhLXNoYTItbmlzdHAyNTYAAAAIbmlzdHAyNTYAAABBBOQ59Njoe9PcPZ+5mCFOrVqVF5/QBEenFgZcBrAau/pEihV7j97vj4iLFWN7fZFoxvmZxDK+kJvBNzVGc4109uA= root@ubuntu-xenial
ssh-ed25519 AAAAC3NzaC1lZDI1NTE5AAAAIC17vaPkuFfQ48/7PcwwKix1M1SF3/lV0AwiiqtqP7t9 root@ubuntu-xenial
ssh-rsa AAAAB3NzaC1yc2EAAAADAQABAAABAQC6lUH4A+0OCMXPOHnVvkhhqDnL8PIswziD9kFgWXijxALv1Wwsf0jeI5HG3sJOWFyaRjBnsHRLSXS8Oj4GWYZq6UDxBVUK4+122ZPplvs3O2FwQMx3po8TEpCEY5AwRezzZf5nv6jRPRZHrqMSD101KGWPs30HRCmQYhRihSirMBtQiJvqLqCkz0cK+z9OgDjyOVGrRltTFh87BUBCogae8L2LIGOGuZxRZXtV3VDPVQWLujHfJ5W9znU0VU8qBXjKsZAGM5FHKlxcOjmtcbrUavfYTH9zadDg9bGpelAwC5bjbUluPK5s7RBRiXm9hwcqR/77iH1XOt15hbxnwtdX root@ubuntu-xenial
-----END SSH HOST KEY KEYS-----
[   33.906598] cloud-init[1464]: Cloud-init v. 18.3-9-g2e62cb8a-0ubuntu1~16.04.2 running 'modules:final' at Tue, 16 Oct 2018 06:49:57 +0000. Up 33.75 seconds.
[   33.906770] cloud-init[1464]: ci-info: no authorized ssh keys fingerprints found for user ubuntu.
[   33.906865] cloud-init[1464]: Cloud-init v. 18.3-9-g2e62cb8a-0ubuntu1~16.04.2 finished at Tue, 16 Oct 2018 06:49:57 +0000. Datasource DataSourceNoCloud [seed=/dev/sdb][dsmode=net].  Up 33.90 seconds
         Stopping Authenticata[[0;32m  OK  [0m] Unmounted /var/lib/lxcfs.
[[0;32m  OK  [0m] Stopped ACPI event daemon.
[[0;32m  OK  [0m] Stopped Deferred execution scheduler.
[[0;32m  OK  [0m] Stopped Accounts Service.
[[0;32m  OK  [0m] Stopped Regular background program processing daemon.
[[0;32m  OK  [0m] Stopped Snappy daemon.
[[0;32m  OK  [0m] Stopped System Logging Service.
[[0;32m  OK  [0m] Stopped Authenticate and Authorize Users to Run Privileged Tasks.
[[0;32m  OK  [0m] Stopped Serial Getty on ttyS0.
[[0;32m  OK  [0m] Stopped Getty on tty1.
[[0;32m  OK  [0m] Stopped OpenBSD Secure Shell server.
[[0;32m  OK  [0m] Stopped User Manager for UID 1000.
[[0;32m  OK  [0m] Stopped Session 4 of user vagrant.
[[0;32m  OK  [0m] Stopped D-Bus System Message Bus.
[[0;32m  OK  [0m] Stopped Unattended Upgrades Shutdown.
[[0;32m  OK  [0m] Stopped FUSE filesystem for LXC.
[[0;32m  OK  [0m] Stopped LXD - container startup/shutdown.
[[0;32m  OK  [0m] Stopped LSB: daemon to balance interrupts for SMP systems.
[[0;32m  OK  [0m] Stopped LSB: Record successful boot for GRUB.
[[0;32m  OK  [0m] Stopped LSB: MD monitoring daemon.
[[0;32m  OK  [0m] Stopped Virtualbox guest utils.
[[0;32m  OK  [0m] Stopped LSB: Set the CPU Frequency Scaling governor to "ondemand".
[[0;32m  OK  [0m] Stopped LSB: automatic crash report generation.
[[0;32m  OK  [0m] Removed slice User Slice of vagrant.
         Stopping Login Service...
[[0;32m  OK  [0m] Removed slice system-getty.slice.
         Stopping Permit User Sessions...
[[0;32m  OK  [0m] Removed slice system-serial\x2dgetty.slice.
[[0;32m  OK  [0m] Stopped /etc/rc.local Compatibility.
[[0;32m  OK  [0m] Stopped Login Service.
[[0;32m  OK  [0m] Stopped Permit User Sessions.
[[0;32m  OK  [0m] Stopped target User and Group Name Lookups.
[[0;32m  OK  [0m] Stopped LSB: Lightweight network intrusion detection system.
[[0;32m  OK  [0m] Stopped target Basic System.
[[0;32m  OK  [0m] Stopped target Paths.
[[0;32m  OK  [0m] Stopped Dispatch Password Requests to Console Directory Watch.
[[0;32m  OK  [0m] Stopped Forward Password Requests to Wall Directory Watch.
[[0;32m  OK  [0m] Stopped ACPI Events Check.
[[0;32m  OK  [0m] Stopped target Sockets.
[[0;32m  OK  [0m] Closed D-Bus System Message Bus Socket.
[[0;32m  OK  [0m] Closed ACPID Listen Socket.
[[0;32m  OK  [0m] Closed Socket activation for snappy daemon.
[[0;32m  OK  [0m] Closed LXD - unix socket.
[[0;32m  OK  [0m] Closed Syslog Socket.
[[0;32m  OK  [0m] Closed UUID daemon activation socket.
[[0;32m  OK  [0m] Stopped target Slices.
[[0;32m  OK  [0m] Removed slice User and Session Slice.
[[0;32m  OK  [0m] Stopped target System Initialization.
[[0;32m  OK  [0m] Stopped Create Volatile Files and Directories.
[[0;32m  OK  [0m] Stopped Commit a transient machine-id on disk.
[[0;32m  OK  [0m] Stopped target Swap.
         Stopping Load/Save Random Seed...
[[0;32m  OK  [0m] Stopped target Encrypted Volumes.
[[0;32m  OK  [0m] Stopped target Remote File Systems.
[[0;32m  OK  [0m] Stopped target Remote File Systems (Pre).
         Stopping Login to default iSCSI targets...
[[0;32m  OK  [0m] Stopped target System Time Synchronized.
[[0;32m  OK  [0m] Stopped Load/Save Random Seed.
[[0;32m  OK  [0m] Stopped Login to default iSCSI targets.
         Stopping iSCSI initiator daemon (iscsid)...
[[0;32m  OK  [0m] Stopped iSCSI initiator daemon (iscsid).
[[0;32m  OK  [0m] Stopped target Network is Online.
[[0;32m  OK  [0m] Stopped target Network.
[[0;32m  OK  [0m] Stopped Initial cloud-init job (metadata service crawler).
         Stopping Raise network interfaces...
[[0;32m  OK  [0m] Stopped Raise network interfaces.
[[0;32m  OK  [0m] Stopped target Local File Systems.
         Unmounting /run/user/1000...
         Unmounting /vagrant...
[[0;32m  OK  [0m] Stopped target Network (Pre).
[[0;32m  OK  [0m] Stopped Initial cloud-init job (pre-networking).
[[0;32m  OK  [0m] Stopped Apply Kernel Variables.
[[0;32m  OK  [0m] Stopped Load Kernel Modules.
[[0;32m  OK  [0m] Unmounted /run/user/1000.
[[0;32m  OK  [0m] Unmounted /vagrant.
[[0;32m  OK  [0m] Reached target Unmount All Filesystems.
[[0;32m  OK  [0m] Stopped target Local File Systems (Pre).
[[0;32m  OK  [0m] Stopped Create Static Device Nodes in /dev.
[[0;32m  OK  [0m] Stopped Remount Root and Kernel File Systems.
[[0;32m  OK  [0m] Reached target Shutdown.
[  391.491997] reboot: Power down
