[    00000] Iniazing cgrou ssycpuset
[    0.000000] Initializing cgroup subsys cpu
[    0.000000] Initializing cgroup subsys cpuacct
[    0.000000] Linux version 4.4.0-135-generic (buildd@lcy01-amd64-020) (gcc version 5.4.0 20160609 (Ubuntu 5.4.0-6ubuntu1~16.04.10) ) #161-Ubuntu SMP Mon Aug 27 10:45:01 UTC 2018 (Ubuntu 4.4.0-135.161-generic 4.4.140)
[    0.000000] Command line: BOOT_IMAGE=/boot/vmlinuz-4.4.0-135-generic root=LABEL=cloudimg-rootfs ro console=tty1 console=ttyS0
[    0.000000] KERNEL supported cpus:
[    0.000000]   Intel GenuineIntel
[    0.000000]   AMD AuthenticAMD
[    0.000000]   Centaur CentaurHauls
[    0.000000] x86/fpu: xstate_offset[2]:  576, xstate_sizes[2]:  256
[    0.000000] x86/fpu: Supporting XSAVE feature 0x01: 'x87 floating point registers'
[    0.000000] x86/fpu: Supporting XSAVE feature 0x02: 'SSE registers'
[    0.000000] x86/fpu: Supporting XSAVE feature 0x04: 'AVX registers'
[    0.000000] x86/fpu: Enabled xstate features 0x7, context size is 832 bytes, using 'standard' format.
[    0.000000] e820: BIOS-provided physical RAM map:
[    0.000000] BIOS-e820: [mem 0x0000000000000000-0x000000000009fbff] usable
[    0.000000] BIOS-e820: [mem 0x000000000009fc00-0x000000000009ffff] reserved
[    0.000000] BIOS-e820: [mem 0x00000000000f0000-0x00000000000fffff] reserved
[    0.000000] BIOS-e820: [mem 0x0000000000100000-0x000000003ffefff uable
[   0.00] BIOS-e82: em0x00003ff000-0000003ffffffAC data[  0.00000BI-e820: [me 00000000fec00000-0x00000000fec00fff] reserved
[    0.000000] BIOS-e820: [mem 0x00000000fee00000-0x00000000fee00fff] reserved
[    0.000000] BIOS-e820: [mem 0x00000000fffc0000-0x00000000ffffffff] reserved
[    0.000000] NX (Execute Disable) protection: active
[    0.000000] SMBIOS 2.5 present.
[    0.000000] Hypervisor detected: KVM
[    0.000000] e820: last_pfn = 0x3fff0 max_arch_pfn = 0x400000000
[    0.000000] MTRR: Disabled
[    0.000000] x86/PAT: MTRRs disabled, skipping PAT initialization too.
[    0.000000] CPU MTRRs all blank - virtualized system.
[    0.000000] x86/PAT: Configuration [0-7]: WB  WT  UC- UC  WB  WT  UC- UC  
[    0.000000] found SMP MP-table at [mem 0x0009fff0-0x0009ffff] mapped at [ffff88000009fff0]
[    0.000000] Scanning 1 areas for low memory corruption
[    0.000000] RAMDISK: [mem 0x3630a000-0x3717cfff]
[    0.000000] ACPI: Early table checksum verification disabled
[    0.000000] ACPI: RSDP 0x00000000000E0000 000024 (v02 VBOX  )
[    0.000000] ACPI: XSDT 0x000000003FFF0030 00003C (v01 VBOX   VBOXXSDT 00000001 ASL  00000061)
[    0.000000] ACPI: FACP 0x000000003FFF00F0 0000F4 (v04 VBOX   VBOXFACP 00000001 ASL  00000061)
[    0.000000] ACPI: DSDT 0x000000003FFF0470 0021FF (v02 VBOX   VBOXBIOS 00000002 INTL 20160108)
[    0.000000] ACPI: FACS 0x000000003FFF0200 000040
[    0.000000] ACPI: FACS 0x000000003FFF0200 000040
[    0.000000] ACPI: APIC 0x000000003FFF0240 00005C (v02 VBOX   VBOXAPIC 00000001 ASL  00000061)
[    0.000000] ACPI: SSDT 0x000000003FFF02A0 0001CC (v01 VBOX   VBOXCPUT 00000002 INTL 20160108)
[    0.000000] No NUMA configuration found
[    0.000000] Faking a node at [mem 0x0000000000000000-0x000000003ffeffff]
[    0.000000] NODE_DATA(0) allocated [mem 0x3ffeb000-0x3ffeffff]
[    0.000000] kvm-clock: Using msrs 4b564d01 and 4b564d00
[    0.000000] kvm-clock: cpu 0, msr 0:3ffe3001, primary cpu clock
[    0.000000] kvm-clock: using sched offset of 3303015310 cycles
[    0.000000] clocksource: kvm-clock: mask: 0xffffffffffffffff max_cycles: 0x1cd42e4dffb, max_idle_ns: 881590591483 ns
[    0.000000] Zone ranges:
[    0.000000]   DMA      [mem 0x0000000000001000-0x0000000000ffffff]
[    0.000000]   DMA32    [mem 0x0000000001000000-0x000000003ffeffff]
[    0.000000]   Normal   empty
[    0.000000]   Device   empty
[    0.000000] Movable zone start for each node
[    0.000000] Early memory node ranges
[    0.000000]   node   0: [mem 0x0000000000001000-0x000000000009efff]
[    0.000000]   node   0: [mem 0x0000000000100000-0x0000000ffefff]
[  000000]Inmesetup od0 mem 0x00000001000-x00003ffeffff]
[    0.000000] ACPI: PM-Timer IO Port: 0x4008
[    0.000000] IOAPIC[0]: apic_id 2, version 32, address 0xfec00000, GSI 0-23
[    0.000000] ACPI: INT_SRC_OVR (bus 0 bus_irq 0 global_irq 2 dfl dfl)
[    0.000000] ACPI: INT_SRC_OVR (bus 0 bus_irq 9 global_irq 9 low level)
[    0.000000] Using ACPI (MADT) for SMP configuration information
[    0.000000] smpboot: Allowing 2 CPUs, 0 hotplug CPUs
[    0.000000] PM: Registered nosave memory: [mem 0x00000000-0x00000fff]
[    0.000000] PM: Registered nosave memory: [mem 0x0009f000-0x0009ffff]
[    0.000000] PM: Registered nosave memory: [mem 0x000a0000-0x000effff]
[    0.000000] PM: Registered nosave memory: [mem 0x000f0000-0x000fffff]
[    0.000000] e820: [mem 0x40000000-0xfebfffff] available for PCI devices
[    0.000000] Booting paravirtualized kernel on KVM
[    0.000000] clocksource: refined-jiffies: mask: 0xffffffff max_cycles: 0xffffffff, max_idle_ns: 7645519600211568 ns
[    0.000000] setup_percpu: NR_CPUS:512 nr_cpumask_bits:512 nr_cpu_ids:2 nr_node_ids:1
[    0.000000] PERCPU: Embedded 34 pages/cpu @ffff88003fc00000 s99544 r8192 d31528 u1048576
[    0.000000] PV qspinlockha tble etres25 (order 0 46 byes
[    0.000000] Built 1 zonelists in Node order, mobility grouping on.  Total pages: 257912
[    0.000000] Policy zone: DMA32
[    0.000000] Kernel command line: BOOT_IMAGE=/boot/vmlinuz-4.4.0-135-generic root=LABEL=couimg-rootf rcosolett csole=ttyS0
[    0.000000] PID hash table entries: 4096 (order: 3, 32768 bytes)
[    0.000000] Memory: 997720K/1048120K available (8554K kernel code, 1314K rwdata, 4004K rodata, 1516K init, 1316K bss, 50400K reserved, 0K cma-reserved)
[    0.000000] SLUB: HWalign=64, Order=0-3, MinObjects=0, CPUs=2, Nodes=1
[    0.000000] Kernel/User page tables isolation: enabled
[    0.000000] Hierarchical RCU implementation.
[    0.000000] 	Build-time adjustment of leaf fanout to 64.
[    0.000000] 	RCU restricting CPUs from NR_CPUS=512 to nr_cpu_ids=2.
[    0.000000] RCU: Adjusting geometry for rcu_fanout_leaf=64, nr_cpu_ids=2
[    0.000000] NR_IRQS:33024 nr_irqs:440 16
[    0.000000] Console: colour VGA+ 80x25
[    0.000000] console [tty1] enabled
[    0.000000] console [ttyS0] enabled
[    0.000000] tsc: Detected 3192.608 MHz processor
[    1.377282] Calibrating delay loop (skipped) preset value.. 6385.21 BogoMIPS (lpj=12770432)
[    1.378539] pid_max: default: 32768 minimum: 301
[    1.379184] ACPI: Core revision 20150930
[    1.380513] ACPI: 2 ACPI AML tables successfully acquired and loaded
[    1.381481] Security Framework initialized
[    1.382071] Yama: becoming mindful.
[    1.382638] AppArmor: AppArmor initialized
[    1.383311] Dentry cache hash table entries: 131072 (order: 8, 1048576 bytes)
[    1.384690] Inode-cache hash table entries: 65536 (order: 7, 524288 bytes)
[    1.385637] Mount-cache hash table entries: 2048 (order: 2, 16384 bytes)
[    1.386487] Mountpoint-cache hash table entries: 2048 (order: 2, 16384 bytes)
[    1.387488] Initializing cgroup subsys io
[    1.388079] Initializing cgroup subsys memory
[    1.388726] Initializing cgroup subsys devices
[    1.389388] Initializing cgroup subsys freezer
[    1.390032] Initializing cgroup subsys net_cls
[    1.390679] Initializing cgroup subsys perf_event
[    1.391347] Initializing cgroup subsys net_prio
[    1.391998] Initializing cgroup subsys hugetlb
[    1.392640] Initializing cgroup subsys pids
[    1.394065] mce: CPU supports 0 MCE banks
[    1.394691] Last level iTLB entries: 4KB 1024, 2MB 1024, 4MB 1024
[    1.395502] Last level dTLB entries: 4KB 1024, 2MB 1024, 4MB 1024, 1GB 4
[    1.396372] Spectre V2 : Mitigation: Full generic retpoline
[    1.397138] Spectre V2 : Speculation control IBPB not-supported IBRS not-supported
[    1.398053] Speculative Store Bypass: Vulnerable
[    1.400716] Freeing SMP alternatives memory: 32K
[    1.407487] ftrace: allocating 32266 entries in 127 pages
[    1.448651] smpboot: APIC(0) Converting physical 0 to logical package 0
[    1.502398] smpboot: Max logical packages: 1
[    1.503239] x2apic enabled
[    1.503875] Switched APIC routing to physical x2apic.
[    1.505459] ..TIMER: vector=0x30 apic1=0 pin1=2 apic2=-1 pin2=-1
[    1.612900] smpboot: CPU0: Intel(R) Core(TM) i5-4570 CPU @ 3.20GHz (family: 0x6, model: 0x3c, stepping: 0x3)
[    1.631548] Performance Events: unsupported p6 CPU model 60 no PMU driver, software events only.
[    1.632912] KVM setup paravirtual spinlock
[    1.634164] x86: Booting SMP configuration:
[    1.634803] .... node  #0, CPUs:      #1
[   1.635487] kvm-clock: cpu 1, msr 0:3ffe3041, secondary cpu clock
[    1.761802] mce: CPU supports 0 MCE banks
[    1.775206] x86: Booted up 1 node, 2 CPUs
[    1.775969] smpboot: Total of 2 processors activated (12770.43 BogoMIPS)
[    1.777186] devtmpfs: initialized
[    1.778837] evm: security.selinux
[    1.779381] evm: security.SMACK64
[    1.779900] evm: security.SMACK64EXEC
[    1.780450] evm: security.SMACK64TRANSMUTE
[    1.781071] evm: security.SMACK64MMAP
[    1.781623] evm: security.ima
[    1.782106] evm: security.capability
[    1.782861] clocksource: jiffies: mask: 0xffffffff max_cycles: 0xffffffff, max_idle_ns: 7645041785100000 ns
[    1.784241] futex hash table entries: 512 (order: 3, 32768 bytes)
[    1.785192] pinctrl core: initialized pinctrl subsystem
[    1.786013] RTC time:  7:54:54, date: 10/16/18
[    1.786799] NET: Registered protocol family 16
[    1.797019] cpuidle: using governor ladder
[    1.809287] cpuidle: using governor menu
[    1.861935] PCCT header not found.
[    1.870050] ACPI: bus type PCI registered
[    1.870649] acpiphp: ACPI Hot Plug PCI Controller Driver version: 0.5
[    1.871619] PCI: Using configuration type 1 for base access
[    1.885915] ACPI: Added _OSI(Module Device)
[    1.886890] ACPI: Added _OSI(Processor Device)
[    1.887849] ACPI: Added _OSI(3.0 _SCP Extensions)
[    1.932222] ACPI: Added _OSI(Processor Aggregator Device)
[    1.938832] ACPI: Executed 1 blocks of module-level executable AML code
[    2.038009] ACPI: Interpreter enabled
[    2.065164] ACPI: (supports S0 S5)
[    2.074579] ACPI: Using IOAPIC for interrupt routing
[    2.084284] PCI: Using host bridge windows from ACPI; if necessary, use "pci=nocrs" and report a bug
[    2.101361] ACPI: PCI Root Bridge [PCI0] (domain 0000 [bus 00-ff])
[    2.102212] acpi PNP0A03:00: _OSC: OS supports [ASPM ClockPM Segments MSI]
[    2.103123] acpi PNP0A03:00: _OSC: not requesting OS control; OS requires [ExtendedConfig ASPM ClockPM MSI]
[    2.104488] acpi PNP0A03:00: fail to add MMCONFIG information, can't access extended PCI configuration space under this bridge.
[    2.107283] PCI host bridge to bus 0000:00
[    2.107902] pci_bus 0000:00: root bus resource [io  0x0000-0x0cf7 window]
[    2.108783] pci_bus 0000:00: root bus resource [io  0x0d00-0xffff window]
[    2.109689] pci_bus 0000:00: root bus resource [mem 0x000a0000-0x000bffff window]
[    2.110819] pci_bus 0000:00: root bus resource [mem 0x40000000-0xfdffffff window]
[    2.111938] pci_bus 0000:00: root bus resource [bus 00-ff]
[    2.113942] pci 0000:00:01.1: legacy IDE quirk: reg 0x10: [io  0x01f0-0x01f7]
[    2.114877] pci 0000:00:01.1: legacy IDE quirk: reg 0x14: [io  0x03f6]
[    2.115733] pci 0000:00:01.1: legacy IDE quirk: reg 0x18: [io  0x0170-0x0177]
[    2.116650] pci 0000:00:01.1: legacy IDE quirk: reg 0x1c: [io  0x0376]
[    2.129977] pci 0000:00:07.0: quirk: [io  0x4000-0x403f] claimed by PIIX4 ACPI
[    2.149192] pci 0000:00:07.0: quirk: [io  0x4100-0x410f] claimed by PIIX4 SMB
[    2.164239] ACPI: PCI Interrupt Link [LNKA] (IRQs 5 9 10 *11)
[    2.176134] ACPI: PCI Interrupt Link [LNKB] (IRQs 5 9 *10 11)
[    2.177255] ACPI: PCI Interrupt Link [LNKC] (IRQs 5 *9 10 11)
[    2.197525] ACPI: PCI Interrupt Link [LNKD] (IRQs 5 9 10 *11)
[    2.204054] ACPI: Enabled 2 GPEs in block 00 to 07
[    2.209705] vgaarb: setting as boot device: PCI:0000:00:02.0
[    2.210462] vgaarb: device added: PCI:0000:00:02.0,decodes=io+mem,owns=io+mem,locks=none
[    2.211645] vgaarb: loaded
[    2.212105] vgaarb: bridge control possible 0000:00:02.0
[    2.213112] SCSI subsystem initialized
[    2.213795] ACPI: bus type USB registered
[    2.214424] usbcore: registered new interface driver usbfs
[    2.215185] usbcore: registered new interface driver hub
[    2.215933] usbcore: registered new device driver usb
[    2.217159] PCI: Using ACPI for IRQ routing
[    2.218003] NetLabel: Initializing
[    2.218556] NetLabel:  domain hash size = 128
[    2.219196] NetLabel:  protocols = UNLABELED CIPSOv4
[    2.242632] NetLabel:  unlabeled traffic allowed by default
[    2.316851] amd_nb: Cannot enumerate AMD northbridges
[    2.333558] clocksource: Switched to clocksource kvm-clock
[    2.339688] AppArmor: AppArmor Filesystem Enabled
[    2.511195] pnp: PnP ACPI init
[    2.581724] pnp: PnP ACPI: found 3 devices
[   .5054] clocksource: acpi_pm: mask: 0xffffff max_cycles: 0xffffff, max_idle_ns: 2085701024 ns
[    2.688484] NET: Registered protocol family 2
[    2.689299] TCP established hash table entries: 8192 (order: 4, 65536 bytes)
[    2.690251] TCP bind hash table entries: 8192 (order: 5, 131072 bytes)
[    2.691148] TCP: Hash tables configured (established 8192 bind 8192)
[    2.692008] UDP hash table entries: 512 (order: 2, 16384 bytes)
[    2.692809] UDP-Lite hash table entries: 512 (order: 2, 16384 bytes)
[    2.693711] NET: Registered protocol family 1
[    2.694375] pci 0000:00:00.0: Limingirt I/I aner
[  3124]pci 0000:00:01.0: Activating ISA DMA hang workarounds
[    3.154836] Unpacking initramfs...

[  3184]rengnid mo: 14796K
  3.12] PLMUette A unit is 2^-32 Joules, 4 fixed counters 10737418240 ms ovfl timer
[    4.080572] hw unit of domain pp0-core 2^-0 Joules
[    4.081255] hw unit of domain package 2^-0 Joules

[    4.081943] hw unit of domain dram 2^-0 Joules
[    4.085976] hw unit of domain pp1-gpu 2^-0 Joules
[    4.086735] platform rtc_cmos: registered platform RTC device (no PNP device found)
[    4.087882] Scanning for low memory corruption every 60 seconds
[    4.089067] audit: initializing netlink subsys (disabled)
[    4.089843] audit: type=2000 audit(1539676499.277:1): initialized
[    4.090902] Initialise system trusted keyring
[    4.091677] HugeTLB registered 2 MB page size, pre-allocated 0 pages
[    4.093657] zbud: loaded
[    4.094400] VFS: Disk quotas dquot_6.6.0
[    4.095025] VFS: Dquot-cache hash table entries: 512 (order 0, 4096 bytes)
[    4.096112] squashfs: version 4.0 (2009/01/31) Phillip Lougher
[    4.097114] fuse init (API version 7.23)
[    4.097825] Key type big_key registered
[    4.098443] Allocating IMA MOK and blacklist keyrings.
[    4.100047] Key type asymmetric registered
[    4.100668] Asymmetric key parser 'x509' registered
[    4.101389] Block layer SCSI generic (bsg) driver version 0.4 loaded (major 249)
[    4.102569] io scheduler noop registered
[    4.103173] io scheduler deadline registered (default)
[    4.103926] io scheduler cfq registered
[    4.139095] pci_hotplug: PCI Hot Plug PCI Core version: 0.5
[    4.181346] pciehp: PCI Express Hot Plug Controller Driver version: 0.4
[    4.182360] ACPI: AC Adapter [AC] (on-line)
[    4.183031] input: Power Button as /devices/LNXSYSTM:00/LNXPWRBN:00/input/input0
[    4.203125] ACPI: Power Button [PWRF]
[    4.203785] input: Sleep Button as /devices/LNXSYSTM:00/LNXSLPBN:00/input/input1
[    4.205060] ACPI: Sleep Button [SLPF]
[    4.205825] GHES: HEST is not enabled!
[    4.206511] Serial: 8250/16550 driver, 32 ports, IRQ sharing enabled
[    4.228873] 00:02: ttyS0 at I/O 0x3f8 (irq = 4, base_baud = 115200) is a 16550A
[    4.230863] Linux agpgart interface v0.103
[    4.232668] loop: module loaded
[    4.233638] scsi host0: ata_piix
[    4.234281] scsi host1: ata_piix
[    4.234831] ata1: PATA max UDMA/33 cmd 0x1f0 ctl 0x3f6 bmdma 0xd000 irq 14
[    4.235696] ata2: PATA max UDMA/33 cmd 0x170 ctl 0x376 bmdma 0xd008 irq 15
[    4.236659] libphy: Fixed MDIO Bus: probed
[    4.237292] tun: Universal TUN/TAP device driver, 1.6
[    4.239118] tun: (C) 1999-2004 Max Krasnyansky <maxk@qualcomm.com>
[    4.241746] PPP generic driver version 2.4.2
[    4.242446] ehci_hcd: USB 2.0 'Enhanced' Host Controller (EHCI) Driver
[    4.243316] ehci-pci: EHCI PCI platform driver
[    4.243989] ehci-platform: EHCI generic platform driver
[    4.244701] ohci_hcd: USB 1.1 'Open' Host Controller (OHCI) Driver
[    4.245503] ohci-pci: OHCI PCI platform driver
[    4.246188] ohci-platform: OHCI generic platform driver
[    4.246918] uhci_hcd: USB Universal Host Controller Interface driver
[    4.247777] i8042: PNP: PS/2 Controller [PNP0303:PS2K,PNP0f03:PS2M] at 0x60,0x64 irq 1,12
[    4.249299] serio: i8042 KBD port at 0x60,0x64 irq 1
[    4.250035] serio: i8042 AUX port at 0x60,0x64 irq 12
[    4.254194] mousedev: PS/2 mouse device common for all mice
[    4.255169] input: AT Translated Set 2 keyboard as /devices/platform/i8042/serio0/input/input2
[    4.256677] rtc_cmos rtc_cmos: rtc core: registered rtc_cmos as rtc0
[    4.257571] rtc_cmos rtc_cmos: alarms up to one day, 114 bytes nvram
[    4.262696] i2c /dev entries driver
[    4.263309] device-mapper: uevent: version 1.0.3
[    4.264024] device-mapper: ioctl: 4.34.0-ioctl (2015-10-28) initialised: dm-devel@redhat.com
[    4.265213] ledtrig-cpu: registered to indicate activity on CPUs
[    4.266372] NET: Registered protocol family 10
[    4.267184] NET: Registered protocol family 17
[    4.267830] Key type dns_resolver registered
[    4.268620] registered taskstats version 1
[    4.269231] Loading compiled-in X.509 certificates
[    4.270486] Loaded X.509 cert 'Build time autogenerated kernel key: b7189ebc996fd79c52efc1226b6676b25e4f6a2d'
[    4.271839] zswap: loaded using pool lzo/zbud
[    4.273944] Key type trusted registered
[    4.277102] Key type encrypted registered
[    4.277746] AppArmor: AppArmor sha1 policy hashing enabled
[    4.278555] ima: No TPM chip found, activating TPM-bypass!
[    4.279358] ima: Allocated hash algorithm: sha1
[    4.280064] evm: HMAC attrs: 0x1
[    4.280867]   Magic number: 6:857:925
[    4.281591] rtc_cmos rtc_cmos: setting system clock to 2018-10-16 07:54:56 UTC (1539676496)
[    4.282990] BIOS EDD facility v0.16 2004-Jun-25, 0 devices found
[    4.283851] EDD information not available.
[    4.391163] Freeing unused kernel memory: 1516K
[    4.397320] Write protecting the kernel read-only data: 14336k
[    4.398669] Freeing unused kernel memory: 1672K
[    4.399651] Freeing unused kernel memory: 92K
Loading, please wait...
starting version[    4.413238] random: systemd-udevd: uninitialized urandom read (16 bytes read, 2 bits of entropy available)
 229
[    4.413942] random: udevadm: uninitialized urandom read (16 bytes read, 2 bits of entropy available)
[    4.413960] random: udevadm: uninitialized urandom read (16 bytes read, 2 bits of entropy available)
[    4.420911] random: udevadm: uninitialized urandom read (16 bytes read, 2 bits of entropy available)
[    4.420945] random: udevadm: uninitialized urandom read (16 bytes read, 2 bits of entropy available)
[    4.421049] random: udevadm: uninitialized urandom read (16 bytes read, 2 bits of entropy available)
[    4.421089] random: udevadm: uninitialized urandom read (16 bytes read, 2 bits of entropy available)
[    4.421126] random: udevadm: uninitialized urandom read (16 bytes read, 2 bits of entropy available)
[    4.421165] random: udevadm: uninitialized urandom read (16 bytes read, 2 bits of entropy available)
[    4.421201] random: udevadm: uninitialized urandom read (16 bytes read, 2 bits of entropy available)
[    5.028557] Fusion MPT base driver 3.04.20
[    5.051421] Copyright (c) 1999-2008 LSI Corporation
[    5.052304] e1000: Intel(R) PRO/1000 Network Driver - version 7.3.21-k8-NAPI
[    5.053235] e1000: Copyright (c) 1999-2006 Intel Corporation.
[    5.061204] Fusion MPT SPI Host driver 3.04.20
[    5.070001] AVX2 version of gcm_enc/dec engaged.
[    5.081484] AES CTR mode by8 optimization enabled
[    5.085972] tsc: Refined TSC clocksource calibration: 3191.920 MHz
[    5.086885] clocksource: tsc: mask: 0xffffffffffffffff max_cycles: 0x2e02792c098, max_idle_ns: 440795324367 ns
[    5.255631] input: ImExPS/2 Generic Explorer Mouse as /devices/platform/i8042/serio1/input/input4
[    5.398525] e1000 0000:00:03.0 eth0: (PCI:33MHz:32-bit) 02:fb:a8:4c:29:d0
[    5.430177] e1000 0000:00:03.0 eth0: Intel(R) PRO/1000 Network Connection
[    5.431687] mptbase: ioc0: Initiating bringup
[    5.431867] e1000 0000:00:03.0 enp0s3: renamed from eth0
[    5.494008] ioc0: LSI53C1030 A0: Capabilities={Initiator}
[    5.983700] scsi host2: ioc0: LSI53C1030 A0, FwRev=00000000h, Ports=1, MaxQ=256, IRQ=20
[    6.103479] scsi 2:0:0:0: Direct-Access     VBOX     HARDDISK         1.0  PQ: 0 ANSI: 5
[    6.192745] scsi target2:0:0: Beginning Domain Validation
[    6.199349] scsi target2:0:0: Domain Validation skipping write tests
[    6.200172] scsi target2:0:0: Ending Domain Validation
[    6.200894] scsi target2:0:0: asynchronous
[    6.201832] scsi 2:0:1:0: Direct-Access     VBOX     HARDDISK         1.0  PQ: 0 ANSI: 5
[    6.210264] scsi target2:0:1: Beginning Domain Validation
[    6.211556] scsi target2:0:1: Domain Validation skipping write tests
[    6.212372] scsi target2:0:1: Ending Domain Validation
[    6.213159] scsi target2:0:1: asynchronous
[    6.217269] sd 2:0:0:0: [sda] 20971520 512-byte logical blocks: (10.7 GB/10.0 GiB)
[    6.217440] sd 2:0:0:0: Attached scsi generic sg0 type 0
[    6.217779] sd 2:0:1:0: Attached scsi generic sg1 type 0
[    6.217953] sd 2:0:1:0: [sdb] 20480 512-byte logical blocks: (10.5 MB/10.0 MiB)
[    6.218070] sd 2:0:1:0: [sdb] Write Protect is off
[    6.218159] sd 2:0:1:0: [sdb] Incomplete mode parameter data
[    6.218160] sd 2:0:1:0: [sdb] Assuming drive cache: write through
[    6.233065] sd 2:0:1:0: [sdb] Attached SCSI disk
[    6.501161] sd 2:0:0:0: [sda] Write Protect is off
[    6.502101] sd 2:0:0:0: [sda] Incomplete mode parameter data
[    6.502895] sd 2:0:0:0: [sda] Assuming drive cache: write through
[    6.517646]  sda: sda1
[    6.581599] sd 2:0:0:0: [sda] Attached SCSI disk
Begin: Loading e[    7.865342] md: linear personality registered for level -1
ssential drivers ... [    7.880562] md: multipath personality registered for level -4
[    7.883440] md: raid0 personality registered for level 0
[    7.886506] md: raid1 personality registered for level 1
[    7.957590] raid6: sse2x1   gen() 11197 MB/s
[    8.041585] raid6: sse2x1   xor()  8504 MB/s
[    8.149593] raid6: sse2x2   gen() 14500 MB/s
[    8.257586] raid6: sse2x2   xor()  9464 MB/s
[    8.357588] raid6: sse2x4   gen() 16416 MB/s
[    8.477575] raid6: sse2x4   xor() 11165 MB/s
[    8.545587] raid6: avx2x1   gen() 21316 MB/s
[    8.665587] raid6: avx2x2   gen() 25941 MB/s
[    8.765591] raid6: avx2x4   gen() 29545 MB/s
[    8.820169] raid6: using algorithm avx2x4 gen() 29545 MB/s
[    8.835323] raid6: using avx2x2 recovery algorithm
[    8.837138] xor: automatically using best checksumming function:
[    8.902283]    avx       : 72031.000 MB/sec
[    9.131941] async_tx: api initialized (async)
[    9.246715] md: raid6 personality registered for level 6
[    9.371280] md: raid5 personality registered for level 5
[    9.526118] md: raid4 personality registered for level 4
[    9.544394] md: raid10 personality registered for level 10
done.
Begin: Running /scripts/init-premount ... done.
Begin: Mounting root file system ... Begin: Running /scripts/local-top ... done.
Begin: Running /scripts/local-premount ... [    9.577451] Btrfs loaded
Scanning for Btrfs filesystems
done.
Warning: fsck not present, so skipping root file system
[    9.768065] EXT4-fs (sda1): mounted filesystem with ordered data mode. Opts: (null)
done.
Begin: Running /scripts/local-bottom ... done.
Begin: Running /scripts/init-bottom ... done.
[   10.623529] systemd[1]: systemd 229 running in system mode. (+PAM +AUDIT +SELINUX +IMA +APPARMOR +SMACK +SYSVINIT +UTMP +LIBCRYPTSETUP +GCRYPT +GNUTLS +ACL +XZ -LZ4 +SECCOMP +BLKID +ELFUTILS +KMOD -IDN)
[   10.626699] systemd[1]: Detected vrrtualization oracle.
[   10.932792  yyttmm[[]]  eetected architettrre x8--64.

Welcome to [1mUbuntu 16.04.5 LTS[0m!

[   11.469631] systemd[1]: Set hostname to <ubuntu>.
[   11.529313] systemd[1]:IInitialzzing machine ID from random eeeeaaoo..

[   11.880532] systemd[1]: Installed transient /etc/machine-id file.
[   12.051042] random: nonblocking pool is initialized
[   12.41199]]sssstedd11::LLsstening on Journal Socket (/dev/log).
[[0;32m  OK  [0m] Listening on Journal Socket (/dev/log).
[   12.765980] systemd11]: Started Tiiggrrrrssllccnnf update for networkd DNS.
[[0;32m  OK  [0m] Started Trigger resolvconf update for networkd DNS.
[   13.229046] systemd[1]: Listening on /dev/initctl Compatibility Named Pipe.
[[0;32m  OK  [0m] Listening on /dev/initctl Compatibility Named Pipe.
[   13.233236] systemd[1]: Listening on LVM2 metadata daemon socket.
[[0;32m  OK  [0m] Listening on LVM2 metadata daemon socket.
[   13.236052] systemd[1]: Listening on udev Control Socket.

[[0;32m  OK  [0m] Listening on udev Control Socket.
[   13.294118] systemd[1]: StartedFFrraaddPPsswwrr  eeuusssstt  Wall Directory Watch.
[[0;32m  OK  [0m] Started Forward Password Requests to Wall Directory Watch.
[   13.845849] systemd[1]:RRaahhddttrreet SystemTTmm  yyccrrnnzzdd
[[0;32m  OK  [0m] Reached target System Time Synchronized.
[   14.341377] systemd[1]: Listening on LVM2 poll daemon socket.
[[0;32m  OK  [0m] Listening on LVM2 poll daemon socket.
[   14.342951] systemd[1]: Listening on Syslog Socket.
[[0;32m  OK  [0m] Listening on Syslog Socket.
[   14.344407] systemd[1]: Listening on Device-mapper event daemon FIFOs.
[[0;32m  OK  [0m] Listening on Device-mapper event daemon FIFOs.
[   14.346234] systemd[1]: Listening on udev Kernel Socket.
[[0;32m  OK  [0m] Listening on udev Kernel Socket.
[   14.347791] systemd[1]: Listening on Journal Audit Socket.
[[0;32m  OK  [0m] Listening on Journal Audit Socket.
[   14.349270] systemd[1]: Reached target Encrypted Volumes.
[[0;32m  OK  [0m] Reached target Encrypted Volumes.
[   14.350934] systemd[1]: Set up automount Arbitrary Executable File Formats File System Automount Point.
[[0;32m  OK  [0m] Set up automount Arbitrary Executab...ats File System Automount Point.
[   14.365760] systemd[1]: Listening on Journal Socket.
[[0;32m  OK  [0m] Listening on Journal Socket.
[   14.433439  yyttmm[[]]  eecceed target Swap.
[[0;32m  OK  [0m] Reached target Swap.
[   14.783952] systemd[1]: Reached target User and Group Name Lookups.
[[0;32m  OK  [0m] Reached target User and Group Name Lookups.
[   14.785900] systemd[1]: Created slice User and Session Slice.
[[0;32m  OK  [0m] Created slice User and Session Slice.
[   14.787673] systemd[1]: Created slice System Slice.
[[0;32m  OK  [0m] Created slice System Slice.
[   14.789100] systemd[1]: Reached target Slices.
[[0;32m  OK  [0m] Reached target Slices.
[   14.801679] systemd[1]: Mounting Debug File System...
         Mounting Debug File System...
[   14.833120] systemd[1]: Starting Load Kernel Modules...
         Starting Load Kernel Modules...
[   14.866068] systemd[1]: Starting Uncomplicated firewall...
[   14.877580] Loading iSCSI transport class v2.0-870.
         Starting Uncomplicated firewall...
[   14.899996] iscsi: registered transport (tcp)
[   14.909674] systemd[1]: Mounting Huge Pages File System...
         Mounting Huge Pages File System...
[   14.932936] systemd[1]: Starting Journal Service...
         Starting Journal Service...
[   14.935839] systemd[1]: Mounting POSIX Message Queue File System...
         Mounting POSIX Message Queue File System...
[   14.937736] systemd[1]: Created slice system-serial\x2dgetty.slice.
[[0;32m  OK  [0m] Created slice system-serial\x2dgetty.slice.
[   14.939804] systemd[1]: Starting Set console keymap...
         Starting Set console keymap...
[   14.942053] systemd[1]: Starting Create list of required static device nodes for the current kernel...
         Starting Create list of required st... nodes for the current kernel...
[   14.944839] systemd[1]: Starting Remount Root and Kernel File Systems...
         Starting Remount Root and Kernel File Systems...
[   14.947072] systemd[1]: Starting Monitoring of LVM2 mirrors, snapshots etc. using dmeventd or progress polling...
         Starting Monitoring of LVM2 mirrors... dmeventd or progress polling...
[   14.949928] systemd[1]: Starting Nameserver information manager...
         Starting Nameserver information manager[   14.961591] EXT4-fs (sda1): re-mounted. Opts: (null)
...
[   15.019799] systemd[1]: Mounted POSIX Message Queue File System.
[[0;32m  OK  [0m] Mounted POSIX Message Queue File System.
[   15.113749] systemd[1]: Mounted Debug File System.
[[0;32m  OK  [0m] Mounted Debu[   15.203079] iscsi: registered transport (iser)
g File System.
[   15.204183] systemd[1]: Mounted Huge Pages File System.
[[0;32m  OK  [0m] Mounted Huge Pages File System.
[   15.206324] systemd[1]: Started Load Kernel Modules.
[[0;32m  OK  [0m] Started Load Kernel Modules.
[   15.208365] systemd[1]: Started Uncomplicated firewall.
[[0;32m  OK  [0m] Started Uncomplicated firewall.
[   15.210677] systemd[1]: Started Create list of required static device nodes for the current kernel.
[[0;32m  OK  [0m] Started Create list of required sta...ce nodes for the current kernel.
[   15.243722] systemd[1]: Started Remount Root and Kernel File Systems.
[[0;32m  OK  [0m] Started Remount Root and Kernel File Systems.
[   15.270484] systemd[1]: Started Nameserver information manager.
[[0;32m  OK  [0m] Started Nameserver information manager.
[   15.293119] systemd[1]: Started Set console keymap.
[[0;32m  OK  [0m] Started Set console keymap.
[   15.299972] systemd[1]: Started Journal Service.
[[0;32m  OK  [0m] Started Journal Service.
[[0;32m  OK  [0m] Started LVM2 metadata daemon.
         Starting udev Coldplug all Devices...
         Starting Load/Save Random Seed...
         Starting Flush Journal to Persistent Storage...
         Starting Create Static Device Nodes in /dev...
         Starting Apply Kernel Variables...
         Mounting FUSE Control File System...
[[0;32m  OK  [0m] Mounted FUSE Control File System.
[[0;32m  OK  [0m] Started Monitoring of LVM2 mirrors,...ng dmeventd or progress polling.
[[0;32m  OK  [0m] Started Load/Save Random Seed.
[[0;32m  OK  [0m] Started Create Static Device Nodes in /dev.
[[0;32m  OK  [0m] Started Apply Kernel Variables.
[[0;32m  OK  [0m] Started udev Coldplug all Devices.
         Starting udev Kernel Device Manager...
[[0;32m  OK  [0m] Started Flush Journal to Persistent Storage.
[[0;32m  OK  [0m] Started udev Kernel Device Manager.
[[0;32m  OK  [0m] Started Dispatch Password Requests to Console Directory Watch.
[[0;32m  OK  [0m] Reached target Local File Systems (Pre).
[[0;32m  OK  [0m] Reached target Local File Systems.
         Starting Commit a transient machine-id on disk...
         Starting Set console font and keymap...
         Starting Create Volatile Files and Directories...
         Starting LSB: AppArmor initialization...
         Starting Initial cloud-init job (pre-networking)...
         Starting Tell Plymouth To Write Out Runtime Data...
[[0;32m  OK  [0m] Found device /dev/ttyS0.
[[0;32m  OK  [0m] Started Create Volatile Files and Directories.
         Starting Update UTMP about System Boot/Shutdown...
[[0;32m  OK  [0m] Started Tell Plymouth To Write Out Runtime Data.
[[0;32m  OK  [0m] Started Commit a transient machine-id on disk.
[[0;32m  OK  [0m] Listening on Load/Save RF Kill Switch Status /dev/rfkill Watch.
[[0;32m  OK  [0m] Started Update UTMP about System Boot/Shutdown.
[[0;32m  OK  [0m] Started Set console font and keymap.
[[0;32m  OK  [0m] Created slice system-getty.slice.
[[0;32m  OK  [0m] Started LSB: AppArmor initialization.
[   17.569140] cloud-init[474]: Cloud-init v. 18.3-9-g2e62cb8a-0ubuntu1~16.04.2 running 'init-local' at Tue, 16 Oct 2018 07:55:11 +0000. Up 17.16 seconds.
[[0;32m  OK  [0m] Started Initial cloud-init job (pre-networking).
[[0;32m  OK  [0m] Reached target Network (Pre).
         Starting Raise network interfaces...
[[0;32m  OK  [0m] Started Raise network interfaces.
[[0;32m  OK  [0m] Reached target Network.
         Starting Initial cloud-init job (metadata service crawler)...
[   19.211201] cloud-init[920]: Cloud-init v. 18.3-9-g2e62cb8a-0ubuntu1~16.04.2 running 'init' at Tue, 16 Oct 2018 07:55:12 +0000. Up 18.22 seconds.
[   19.300724] cloud-init[920]: ci-info: ++++++++++++++++++++++++++++++++++++++Net device info++++++++++++++++++++++++++++++++++++++
[[0;32m  OK  [0m] Started Initial cloud-init job (metadata service crawler).
[[0;32m  OK  [0m] Reached target Cloud-config availability.
[[0;32m  OK  [0m] Reached target System Initialization.
[   19.351166] cloud-init[920]: ci-info: +--------+------+----------------------------+---------------+--------+-------------------+
[   19.548912] [cloud-init[0;32m  OK  [0m[920]: ] ci-info: | Device |  Up  |          Address           |      Mask     | Scope  |     Hw-Address    |Started ACPI Events Check.

[   19.649007] [cloud-init[0;32m  OK  [0m[920]: ] ci-info: +--------+------+----------------------------+---------------+--------+-------------------+Reached target Paths.

[   19.671681]          Starting LXD - unix socket.
         Starting Socket activation for snappy daemon.
[[0;32m  OK  [0m] Listening on D-Bus System Message Bus Socket.
[[0;32m  OK  [0m] Listening on ACPID Listen Socket.
[[0;32m  OK  [0m] Listening on UUID daemon activation socket.
[[0;32m  OK  [0m] Started Daily Cleanup of Temporary Directories.
[[0;32m  OK  [0m] Started Daily apt download activities.
[[0;32m  OK  [0m] Started Daily apt upgrade and clean activities.
[[0;32m  OK  [0m] Reached target Timers.
[[0;32m  OK  [0m] Reached target Network is Online.
cloud-init[920]: ci-info: | enp0s3 | True |         10.0.2.15          | 255.255.255.0 | global | 02:fb:a8:4c:29:d0 |
[   19.680755] cloud-init[920]: ci-info: | enp0s3 | True | fe80::fb:a8ff:fe4c:29d0/64 |       .       |  link  | 02:fb:a8:4c:29:d0 |
[   19.720694]          cloud-initStarting iSCSI initiator daemon (iscsid)...[920]: 
ci-info: |   lo   | True |         127.0.0.1          |   255.0.0.0   |  host  |         .         |
[   19.755207] [cloud-init[0;32m  OK  [0m[920]: ] ci-info: |   lo   | True |          ::1/128           |       .       |  host  |         .         |Listening on LXD - unix socket.

[   19.793697] [[0;32m  OK  [0m] Listening on Socket activation for snappy daemon.
cloud-init[920]: ci-info: +--------+------+----------------------------+---------------+--------+-------------------+
[   19.810893] cloud-init[920]: ci-info: +++++++++++++++++++++++++++Route IPv4 info++++++++++++++++++++++++++++
[[   19.847952] cloud-init[920]: ci-info: +-------+-------------+----------+---------------+-----------+-------+
[   19.848652] cloud-init[920]: ci-info: | Route | Destination | Gateway  |    Genmask    | Interface | Flags |
[0;32m  OK  [0m] Reached target Sockets.
[[   19.849083] cloud-init[920]: ci-info: +-------+-------------+----------+---------------+-----------+-------+
[   19.921129] cloud-init[920]: ci-info: |   0   |   0.0.0.0   | 10.0.2.2 |    0.0.0.0    |   enp0s3  |   UG  |
[   19.921169] cloud-init[920]: ci-info: |   1   |   10.0.2.0  | 0.0.0.0  | 255.255.255.0 |   enp0s3  |   U   |
[   19.921265] cloud-init[920]: ci-info: +-------+-------------+----------+---------------+-----------+-------+
[   19.921367] cloud-init[920]: ci-info: +++++++++++++++++++Route IPv6 info+++++++++++++++++++
[   19.921465] cloud-init[920]: ci-info: +-------+-------------+---------+-----------+-------+
[0;32m  OK  [0m] Reached target Basic System.
[   19.921590] cloud-init[920]: ci-info: | Route | Destination | Gateway | Interface | Flags |
[   20.079785] cloud-init[920]: ci-info: +-------+-------------+---------+-----------+-------+
[   20.081246] cloud-init[920]: ci-info: |   0   |  fe80::/64  |    ::   |   enp0s3  |   U   |
[   20.082356] cloud-init[920]: ci-info: |   3   |   ff00::/8  |    ::   |   enp0s3  |   U   |
[   20.083512] cloud-init[920]: ci-info: +-------+-------------+---------+-----------+-------+
         Starting LSB: MD monitoring daemon...
[   20.096895] cloud-init[920]: Generating public/private rsa key pair.
[   20.107437] cloud-init[920]: Your identification has been saved in /etc/ssh/ssh_host_rsa_key.
[   20.124485] cloud-init[920]: Your public key has been saved in /etc/ssh/ssh_host_rsa_key.pub.
[   20.155326] cloud-init[920]: The key fingerprint is:
[   20.155523] cloud-init[920]: SHA256:huFsvWO6CjNwCSUNQUq1H7L8y8KRXYSY48A67nr3PDY root@ubuntu-xenial
[[0;32m  OK  [0m] Started Regular background program processing daemon.
[   20.155614] cloud-init[920]: The key's randomart image is:
[   20.284319] cloud-init[920]: +---[RSA 2048]----+
[   20.284540] cloud-init[920]: |**o.o .          |
         Starting Login Service...
[   20.284619] cloud-init[920]: |o=.+.. .         |
[   20.340671] cloud-init[920]: |+ oo..o          |
[   20.341767] cloud-init[920]: |o..o+o.=         |
[   20.351556] cloud-init[920]: |o.ooo.* S        |
[   20.352723] cloud-init[920]: | + o.o . .       |
[[0;32m  OK  [0m[   20.353423] cloud-init[920]: |. = ..  +        |
] Started Deferred execution scheduler.[   20.354063] cloud-init[920]: | ..*o.Eo .       |

[   20.354828] cloud-init[920]: |o. .o*=+         |
[   20.355445] cloud-init[920]: +----[SHA256]-----+
[   20.356424] cloud-init[920]: Generating public/private dsa key pair.
[   20.357349] [[0;32m  OK  [0m] Started D-Bus System Message Bus.
cloud-init[920]: Your identification has been saved in /etc/ssh/ssh_host_dsa_key.
[   20.358927] cloud-init[920]: Your public key has been saved in /etc/ssh/ssh_host_dsa_key.pub.
[   20.362131] cloud-init[920]: The key fingerprint is:
[   20.363112] cloud-init[920]: SHA256:FxJqRfoxQr9Pm9B4/M2L1sPZdtPlXaI9hAG1+zBcH2Y root@ubuntu-xenial
[   20.364665] cloud-init[920]: The key's randomart image is:
[   20.365618] cloud-init[920]: +---[DSA 1024]----+
[   20.366503] cloud-init[920]: |      ..+  ..    |
[   20.367402] cloud-init[920]: |     . = ..  .   |
[   20.368342] cloud-init[920]: |      = = ... .E |
[   20.369224] cloud-init[920]: |     . o O o.oo..|
[   20.370102] cloud-init[920]: |        S * =o  .|
[   20.370976] cloud-init[920]: |         * +.*o o|
[   20.371870] cloud-init[920]: |          + .*+==|
[   20.384237] cloud-init[920]: |            o.BoB|
[   20.428353] cloud-init[920]: |           .. .+o|
[   20.468575] cloud-init[920]: +----[SHA256]-----+
[   20.469789] cloud-init[920]: Generating public/private ecdsa key pair.
[   20.488880]          Starting Virtualbox guest utils...
cloud-init[920]: Your identification has been saved in /etc/ssh/ssh_host_ecdsa_key.
[   20.491080]          Starting LSB: Record successful boot for GRUB...
cloud-init[920]: Your public key has been saved in /etc/ssh/ssh_host_ecdsa_key.pub.
[   20.493905] cloud-init[920]: The key fingerprint is:
         Starting Accounts Service...
         Starting System Logging Service...
[   20.495916] cloud-init[920]: SHA256:flUXu5jWZsg6iySIR8KJDcWtfQH8D+rW0xabj+QxX8U root@ubuntu-xenial
[   20.500925] cloud-init[920]: The key's randomart image is:
[   20.502097] cloud-init[920]: +---[ECDSA 256]---+
[   20.503160] cloud-init[920]: |  ..o..        . |
[   20.528552]          cloud-initStarting Snappy daemon...[920]: 
|  .. o .        o|
[   20.568667]          cloud-initStarting /etc/rc.local Compatibility...[920]: 
| .  o . .     ...|
[   20.616679] [cloud-init[0;32m  OK  [0m[920]: ] |  =... +    ..*..|Started ACPI event daemon.

[   20.672843] [cloud-init[0;32m  OK  [0m[920]: ] | . = .o S   .* E |Started Unattended Upgrades Shutdown.

[   20.703017] [cloud-init[0;32m  OK  [0m[920]: ] |    +... o .o +  |Started FUSE filesystem for LXC.

[   20.756272]          cloud-initStarting Pollinate to seed the pseudo random number generator...[920]: 
|   ..o..o==o .   |
[   20.807527]          cloud-initStarting LXD - container startup/shutdown...[920]: 
|    .o o=** +    |
[   20.852415] [cloud-init[0;32m  OK  [0m[920]: ] |    .   o+.+     |Started iSCSI initiator daemon (iscsid).

[   20.884403] [cloud-init[0;32m  OK  [0m[920]: ] +----[SHA256]-----+Started /etc/rc.local Compatibility.

[   20.885458] cloud-init[920]: Generating public/private ed25519 key pair.
[   20.964597] cloud-init[920]: Your identification has been saved in /etc/ssh/ssh_host_ed25519_key.
[   21.014436] cloud-init[920]: Your public key has been saved in /etc/ssh/ssh_host_ed25519_key.pub.
[   21.014815] cloud-init[920]: The key fingerprint is:
         Starting Login to default iSCSI targets...
[   21.015083] cloud-init[920]: SHA256:I0MaT3R8m0bfcQDHybCzLGL7Hee798S8cmhIs9nhf5E root@ubuntu-xenial
[   21.116483] cloud-init[920]: The key's randomart image is:
[   21.116995] cloud-init[920]: +--[ED25519 256]--+
[[0;32m  OK  [0m] Started System Logging Service.
[   21.117243] cloud-init[920]: |      ...   o=oo |
[[   21.176542] cloud-init[920]: |     . .. o  o= .|
[   21.177331] cloud-init[920]: |    . o  o +o. o |
[0;32m  OK  [0m] Started LSB: Record successful boot for GRUB.
[   21.177496] cloud-init[920]: |     *    +..o.  |
[   21.300428] cloud-init[920]: |    . + S.. o   .|
[   21.300911] cloud-init[920]: |       + + + . E |
[[0;32m  OK  [0m] Started Login Service.
[   21.301146] cloud-init[920]: |        . . O + =|
[   21.384536] cloud-init[920]: |         . = X o+|
[[0;32m  OK  [0m] Started LSB: MD monitoring daemon.
[   21.385867] cloud-init[920]: |          . o B*+|
[   21.464443] cloud-init[920]: +----[SHA256]-----+
         Starting Authenticate and Authorize Users to Run Privileged Tasks...
[[0;32m  OK  [0m] Started Login to default iSCSI targets.
[[0;32m  OK  [0m] Reached target Remote File Systems (Pre).
[[0;32m  OK  [0m] Reached target Remote File Systems.
         Starting LSB: daemon to balance interrupts for SMP systems...
         Starting LSB: automatic crash report generation...
         Starting Permit User Sessions...
         Starting LSB: Set the CPU Frequency Scaling governor to "ondemand"...
[[0;32m  OK  [0m] Started Virtualbox guest utils.
[[0;32m  OK  [0m] Started Permit User Sessions.
         Starting Hold until boot process finishes up...
         Starting Terminate Plymouth Boot Screen...
[[0;32m  OK  [0m] Started LSB: Set the CPU Frequency Scaling governor to "ondemand".
[[0;32m  OK  [0m] Started LSB: automatic crash report generation.
[[0;32m  OK  [0m] Started LSB: daemon to balance interrupts for SMP systems.
[[0;32m  OK  [0m] Started Hold until boot process finishes up.
[[0;32m  OK  [0m] Started Terminate Plymouth Boot Screen.
[[0;32m  OK  [0m] Started Authenticate and Authorize Users to Run Privileged Tasks.
[[0;32m  OK  [0m] Started Accounts Service.
[[0;32m  OK  [0m] Started Serial Getty on ttyS0.
[[0;32m  OK  [0m] Started Getty on tty1.
[[0;32m  OK  [0m] Reached target Login Prompts.
         Starting Set console scheme...
[[0;32m  OK  [0m] Started Set console scheme.
[[0;32m  OK  [0m] Started Pollinate to seed the pseudo random number generator.
         Starting OpenBSD Secure Shell server...
[[0;32m  OK  [0m] Started LXD - container startup/shutdown.
[[0;32m  OK  [0m] Started OpenBSD Secure Shell server.
[[0;32m  OK  [0m] Started Snappy daemon.
         Starting Wait until snapd is fully seeded...
[[0;32m  OK  [0m] Started Wait until snapd is fully seeded.
         Starting Apply the settings specified in cloud-config...
[[0;32m  OK  [0m] Reached target Multi-User System.
[[0;32m  OK  [0m] Reached target Graphical Interface.
         Starting Update UTMP about System Runlevel Changes...
[[0;32m  OK  [0m] Started Update UTMP about System Runlevel Changes.
[   25.523841] cloud-init[1238]: Generating locales (this might take a while)...
[[0;32m  OK  [0m] Created slice User Slice of vagrant.
         Starting User Manager for UID 1000...
[[0;32m  OK  [0m] Started Session 1 of user vagrant.
[[0;32m  OK  [0m] Started User Manager for UID 1000.
[   26.488315] cloud-init[1238]:   en_US.UTF-8... done
[   26.512446] cloud-init[1238]: Generation complete.

Ubuntu 16.04.5 LTS ubuntu-xenial ttyS0

ubuntu-xenial login: [   28.655384] cloud-init[1238]: Cloud-init v. 18.3-9-g2e62cb8a-0ubuntu1~16.04.2 running 'modules:config' at Tue, 16 Oct 2018 07:55:19 +0000. Up 25.28 seconds.
ci-info: no authorized ssh keys fingerprints found for user ubuntu.
<14>Oct 16 07:55:23 ec2: 
<14>Oct 16 07:55:23 ec2: #############################################################
<14>Oct 16 07:55:23 ec2: -----BEGIN SSH HOST KEY FINGERPRINTS-----
<14>Oct 16 07:55:23 ec2: 1024 SHA256:FxJqRfoxQr9Pm9B4/M2L1sPZdtPlXaI9hAG1+zBcH2Y root@ubuntu-xenial (DSA)
<14>Oct 16 07:55:23 ec2: 256 SHA256:flUXu5jWZsg6iySIR8KJDcWtfQH8D+rW0xabj+QxX8U root@ubuntu-xenial (ECDSA)
<14>Oct 16 07:55:23 ec2: 256 SHA256:I0MaT3R8m0bfcQDHybCzLGL7Hee798S8cmhIs9nhf5E root@ubuntu-xenial (ED25519)
<14>Oct 16 07:55:23 ec2: 2048 SHA256:huFsvWO6CjNwCSUNQUq1H7L8y8KRXYSY48A67nr3PDY root@ubuntu-xenial (RSA)
<14>Oct 16 07:55:23 ec2: -----END SSH HOST KEY FINGERPRINTS-----
<14>Oct 16 07:55:23 ec2: #############################################################
-----BEGIN SSH HOST KEY KEYS-----
ecdsa-sha2-nistp256 AAAAE2VjZHNhLXNoYTItbmlzdHAyNTYAAAAIbmlzdHAyNTYAAABBBM2pErqIE02GyEm6XItDqYQru9J0Aj89LblqQJuVt1IZ7nTrhq/jtzeNiGwYG49TwlV8WVDgkAiIH5Yh1cUirtU= root@ubuntu-xenial
ssh-ed25519 AAAAC3NzaC1lZDI1NTE5AAAAIFpX2rovrqfTu1iA1o0PpFWL3Cov6apr6IdqndiT/NC2 root@ubuntu-xenial
ssh-rsa AAAAB3NzaC1yc2EAAAADAQABAAABAQCcxYgQMhyQv7w/oikY+JFveFJOPVqts4dalPU4LkGFRbYkt4K055Y5af2lw7xBWcF3Gy/7aJEqemHtd6iK/UBP3NGVVYwimRhJOoJhGoBSnGx1uhGv5lGTcRQ0jOaEBv5XS5JYjzvA/+DNgNFb4giNZF9/oEdKAdn6EB5XHUoVCJWM0BKnRIBw8Ps5PuQtcEYKQTpouvSOP8aWw47l0BhbL6JxxiscAB5+GIKZOnrHBKVOXNBZMOi3b5PkcEf9A9pc9aVt4zoVYsE0KOsjI3PnWY5Jgzu2eG5+sly5iq8v3JF8oTgVdk+qZDmpAMtJM+qVUvhtos0wwXQiLi+UULBV root@ubuntu-xenial
-----END SSH HOST KEY KEYS-----
[   29.075876] cloud-init[1386]: Cloud-init v. 18.3-9-g2e62cb8a-0ubuntu1~16.04.2 running 'modules:final' at Tue, 16 Oct 2018 07:55:23 +0000. Up 28.91 seconds.
[   29.076034] cloud-init[1386]: ci-info: no authorized ssh keys fingerprints found for user ubuntu.
[   29.076130] cloud-init[1386]: Cloud-init v. 18.3-9-g2e62cb8a-0ubuntu1~16.04.2 finished at Tue, 16 Oct 2018 07:55:23 +0000. Datasource DataSourceNoCloud [seed=/dev/sdb][dsmode=net].  Up 29.07 seconds
